{"C:\\Dev\\Training 2\\My revision\\TypescriptRev\\Typescript13\\src\\index.ts": {"path":"C:\\Dev\\Training 2\\My revision\\TypescriptRev\\Typescript13\\src\\index.ts","statementMap":{"0":{"start":{"line":1,"column":0},"end":{"line":1,"column":28}},"1":{"start":{"line":2,"column":0},"end":{"line":2,"column":16}},"2":{"start":{"line":4,"column":0},"end":{"line":4,"column":30}},"3":{"start":{"line":5,"column":0},"end":{"line":5,"column":45}},"4":{"start":{"line":6,"column":0},"end":{"line":6,"column":48}},"5":{"start":{"line":7,"column":0},"end":{"line":7,"column":54}},"6":{"start":{"line":8,"column":0},"end":{"line":8,"column":54}},"7":{"start":{"line":9,"column":0},"end":{"line":9,"column":48}},"8":{"start":{"line":10,"column":0},"end":{"line":10,"column":65}},"9":{"start":{"line":11,"column":0},"end":{"line":11,"column":44}},"10":{"start":{"line":13,"column":12},"end":{"line":13,"column":21}},"11":{"start":{"line":32,"column":9},"end":{"line":32,"column":12}},"12":{"start":{"line":15,"column":0},"end":{"line":15,"column":24}},"13":{"start":{"line":17,"column":0},"end":{"line":17,"column":30}},"14":{"start":{"line":18,"column":0},"end":{"line":18,"column":36}},"15":{"start":{"line":19,"column":0},"end":{"line":19,"column":32}},"16":{"start":{"line":20,"column":0},"end":{"line":20,"column":36}},"17":{"start":{"line":21,"column":0},"end":{"line":21,"column":32}},"18":{"start":{"line":22,"column":0},"end":{"line":22,"column":41}},"19":{"start":{"line":23,"column":0},"end":{"line":23,"column":29}},"20":{"start":{"line":25,"column":13},"end":{"line":25,"column":37}},"21":{"start":{"line":27,"column":15},"end":{"line":29,"column":2}},"22":{"start":{"line":28,"column":2},"end":{"line":28,"column":64}},"23":{"start":{"line":32,"column":14},"end":{"line":32,"column":20}}},"fnMap":{"0":{"name":"(anonymous_1)","decl":{"start":{"line":27,"column":32},"end":{"line":27,"column":35}},"loc":{"start":{"line":27,"column":37},"end":{"line":29,"column":1}}}},"branchMap":{"0":{"loc":{"start":{"line":25,"column":13},"end":{"line":25,"column":37}},"type":"binary-expr","locations":[{"start":{"line":25,"column":13},"end":{"line":25,"column":29}},{"start":{"line":25,"column":33},"end":{"line":25,"column":37}}]}},"s":{"0":7,"1":7,"2":7,"3":7,"4":7,"5":7,"6":7,"7":7,"8":7,"9":7,"10":7,"11":7,"12":7,"13":7,"14":7,"15":7,"16":7,"17":7,"18":7,"19":7,"20":7,"21":7,"22":7,"23":7},"f":{"0":7},"b":{"0":[7,7]}}
,"C:\\Dev\\Training 2\\My revision\\TypescriptRev\\Typescript13\\src\\Auth\\auth.controller.ts": {"path":"C:\\Dev\\Training 2\\My revision\\TypescriptRev\\Typescript13\\src\\Auth\\auth.controller.ts","statementMap":{"0":{"start":{"line":2,"column":0},"end":{"line":2,"column":57}},"1":{"start":{"line":5,"column":24},"end":{"line":12,"column":1}},"2":{"start":{"line":6,"column":2},"end":{"line":11,"column":3}},"3":{"start":{"line":7,"column":19},"end":{"line":7,"column":47}},"4":{"start":{"line":8,"column":4},"end":{"line":8,"column":33}},"5":{"start":{"line":10,"column":4},"end":{"line":10,"column":53}},"6":{"start":{"line":5,"column":13},"end":{"line":5,"column":24}},"7":{"start":{"line":15,"column":21},"end":{"line":23,"column":1}},"8":{"start":{"line":16,"column":2},"end":{"line":22,"column":3}},"9":{"start":{"line":17,"column":32},"end":{"line":17,"column":40}},"10":{"start":{"line":18,"column":19},"end":{"line":18,"column":51}},"11":{"start":{"line":19,"column":4},"end":{"line":19,"column":33}},"12":{"start":{"line":21,"column":4},"end":{"line":21,"column":53}},"13":{"start":{"line":15,"column":13},"end":{"line":15,"column":21}}},"fnMap":{"0":{"name":"(anonymous_0)","decl":{"start":{"line":5,"column":24},"end":{"line":5,"column":29}},"loc":{"start":{"line":5,"column":77},"end":{"line":12,"column":1}}},"1":{"name":"(anonymous_1)","decl":{"start":{"line":15,"column":21},"end":{"line":15,"column":26}},"loc":{"start":{"line":15,"column":74},"end":{"line":23,"column":1}}}},"branchMap":{},"s":{"0":7,"1":7,"2":3,"3":3,"4":2,"5":1,"6":7,"7":7,"8":3,"9":3,"10":3,"11":1,"12":2,"13":7},"f":{"0":3,"1":3},"b":{}}
,"C:\\Dev\\Training 2\\My revision\\TypescriptRev\\Typescript13\\src\\Auth\\auth.routes.ts": {"path":"C:\\Dev\\Training 2\\My revision\\TypescriptRev\\Typescript13\\src\\Auth\\auth.routes.ts","statementMap":{"0":{"start":{"line":1,"column":0},"end":{"line":1,"column":30}},"1":{"start":{"line":2,"column":0},"end":{"line":2,"column":52}},"2":{"start":{"line":4,"column":15},"end":{"line":4,"column":31}},"3":{"start":{"line":7,"column":0},"end":{"line":7,"column":35}},"4":{"start":{"line":10,"column":0},"end":{"line":10,"column":29}},"5":{"start":{"line":12,"column":0},"end":{"line":12,"column":22}}},"fnMap":{},"branchMap":{},"s":{"0":7,"1":7,"2":7,"3":7,"4":7,"5":7},"f":{},"b":{}}
,"C:\\Dev\\Training 2\\My revision\\TypescriptRev\\Typescript13\\src\\Auth\\auth.service.ts": {"path":"C:\\Dev\\Training 2\\My revision\\TypescriptRev\\Typescript13\\src\\Auth\\auth.service.ts","statementMap":{"0":{"start":{"line":1,"column":0},"end":{"line":1,"column":31}},"1":{"start":{"line":2,"column":0},"end":{"line":2,"column":42}},"2":{"start":{"line":3,"column":0},"end":{"line":3,"column":30}},"3":{"start":{"line":4,"column":0},"end":{"line":4,"column":31}},"4":{"start":{"line":5,"column":0},"end":{"line":5,"column":33}},"5":{"start":{"line":6,"column":0},"end":{"line":6,"column":43}},"6":{"start":{"line":7,"column":0},"end":{"line":7,"column":28}},"7":{"start":{"line":9,"column":0},"end":{"line":9,"column":16}},"8":{"start":{"line":11,"column":19},"end":{"line":11,"column":41}},"9":{"start":{"line":13,"column":0},"end":{"line":15,"column":1}},"10":{"start":{"line":14,"column":2},"end":{"line":14,"column":55}},"11":{"start":{"line":18,"column":28},"end":{"line":72,"column":1}},"12":{"start":{"line":29,"column":4},"end":{"line":29,"column":59}},"13":{"start":{"line":31,"column":2},"end":{"line":33,"column":3}},"14":{"start":{"line":32,"column":4},"end":{"line":32,"column":46}},"15":{"start":{"line":35,"column":25},"end":{"line":35,"column":61}},"16":{"start":{"line":37,"column":20},"end":{"line":48,"column":16}},"17":{"start":{"line":50,"column":2},"end":{"line":52,"column":3}},"18":{"start":{"line":51,"column":4},"end":{"line":51,"column":44}},"19":{"start":{"line":54,"column":2},"end":{"line":54,"column":60}},"20":{"start":{"line":56,"column":16},"end":{"line":59,"column":null}},"21":{"start":{"line":62,"column":2},"end":{"line":71,"column":4}},"22":{"start":{"line":18,"column":13},"end":{"line":18,"column":28}},"23":{"start":{"line":75,"column":25},"end":{"line":105,"column":1}},"24":{"start":{"line":79,"column":17},"end":{"line":79,"column":76}},"25":{"start":{"line":81,"column":2},"end":{"line":83,"column":3}},"26":{"start":{"line":82,"column":4},"end":{"line":82,"column":49}},"27":{"start":{"line":85,"column":18},"end":{"line":85,"column":63}},"28":{"start":{"line":86,"column":2},"end":{"line":88,"column":3}},"29":{"start":{"line":87,"column":4},"end":{"line":87,"column":49}},"30":{"start":{"line":90,"column":16},"end":{"line":93,"column":null}},"31":{"start":{"line":96,"column":2},"end":{"line":104,"column":4}},"32":{"start":{"line":75,"column":13},"end":{"line":75,"column":25}}},"fnMap":{"0":{"name":"(anonymous_1)","decl":{"start":{"line":18,"column":28},"end":{"line":18,"column":33}},"loc":{"start":{"line":26,"column":5},"end":{"line":72,"column":1}}},"1":{"name":"(anonymous_2)","decl":{"start":{"line":75,"column":25},"end":{"line":75,"column":30}},"loc":{"start":{"line":78,"column":43},"end":{"line":105,"column":1}}}},"branchMap":{"0":{"loc":{"start":{"line":13,"column":0},"end":{"line":15,"column":1}},"type":"if","locations":[{"start":{"line":13,"column":0},"end":{"line":15,"column":1}},{"start":{},"end":{}}]},"1":{"loc":{"start":{"line":29,"column":4},"end":{"line":29,"column":59}},"type":"cond-expr","locations":[{"start":{"line":29,"column":43},"end":{"line":29,"column":50}},{"start":{"line":29,"column":53},"end":{"line":29,"column":59}}]},"2":{"loc":{"start":{"line":31,"column":2},"end":{"line":33,"column":3}},"type":"if","locations":[{"start":{"line":31,"column":2},"end":{"line":33,"column":3}},{"start":{},"end":{}}]},"3":{"loc":{"start":{"line":31,"column":6},"end":{"line":31,"column":62}},"type":"binary-expr","locations":[{"start":{"line":31,"column":6},"end":{"line":31,"column":15}},{"start":{"line":31,"column":19},"end":{"line":31,"column":62}}]},"4":{"loc":{"start":{"line":44,"column":21},"end":{"line":44,"column":45}},"type":"binary-expr","locations":[{"start":{"line":44,"column":21},"end":{"line":44,"column":39}},{"start":{"line":44,"column":43},"end":{"line":44,"column":45}}]},"5":{"loc":{"start":{"line":45,"column":15},"end":{"line":45,"column":33}},"type":"binary-expr","locations":[{"start":{"line":45,"column":15},"end":{"line":45,"column":27}},{"start":{"line":45,"column":31},"end":{"line":45,"column":33}}]},"6":{"loc":{"start":{"line":50,"column":2},"end":{"line":52,"column":3}},"type":"if","locations":[{"start":{"line":50,"column":2},"end":{"line":52,"column":3}},{"start":{},"end":{}}]},"7":{"loc":{"start":{"line":50,"column":6},"end":{"line":50,"column":45}},"type":"binary-expr","locations":[{"start":{"line":50,"column":6},"end":{"line":50,"column":21}},{"start":{"line":50,"column":25},"end":{"line":50,"column":45}}]},"8":{"loc":{"start":{"line":81,"column":2},"end":{"line":83,"column":3}},"type":"if","locations":[{"start":{"line":81,"column":2},"end":{"line":83,"column":3}},{"start":{},"end":{}}]},"9":{"loc":{"start":{"line":81,"column":6},"end":{"line":81,"column":29}},"type":"binary-expr","locations":[{"start":{"line":81,"column":6},"end":{"line":81,"column":11}},{"start":{"line":81,"column":15},"end":{"line":81,"column":29}}]},"10":{"loc":{"start":{"line":86,"column":2},"end":{"line":88,"column":3}},"type":"if","locations":[{"start":{"line":86,"column":2},"end":{"line":88,"column":3}},{"start":{},"end":{}}]}},"s":{"0":7,"1":7,"2":7,"3":7,"4":7,"5":7,"6":7,"7":7,"8":7,"9":7,"10":0,"11":7,"12":3,"13":3,"14":0,"15":3,"16":3,"17":2,"18":0,"19":2,"20":2,"21":2,"22":7,"23":7,"24":3,"25":3,"26":1,"27":2,"28":2,"29":1,"30":1,"31":1,"32":7},"f":{"0":3,"1":3},"b":{"0":[0,7],"1":[0,3],"2":[0,3],"3":[3,1],"4":[3,0],"5":[3,0],"6":[0,2],"7":[2,2],"8":[1,2],"9":[3,2],"10":[1,1]}}
,"C:\\Dev\\Training 2\\My revision\\TypescriptRev\\Typescript13\\src\\Auth\\email.ts": {"path":"C:\\Dev\\Training 2\\My revision\\TypescriptRev\\Typescript13\\src\\Auth\\email.ts","statementMap":{"0":{"start":{"line":1,"column":0},"end":{"line":1,"column":36}},"1":{"start":{"line":2,"column":0},"end":{"line":2,"column":28}},"2":{"start":{"line":4,"column":0},"end":{"line":4,"column":16}},"3":{"start":{"line":6,"column":20},"end":{"line":13,"column":2}},"4":{"start":{"line":15,"column":32},"end":{"line":22,"column":1}},"5":{"start":{"line":16,"column":2},"end":{"line":21,"column":5}},"6":{"start":{"line":15,"column":13},"end":{"line":15,"column":32}},"7":{"start":{"line":24,"column":37},"end":{"line":37,"column":1}},"8":{"start":{"line":25,"column":15},"end":{"line":25,"column":59}},"9":{"start":{"line":27,"column":2},"end":{"line":36,"column":5}},"10":{"start":{"line":24,"column":13},"end":{"line":24,"column":37}}},"fnMap":{"0":{"name":"(anonymous_1)","decl":{"start":{"line":15,"column":32},"end":{"line":15,"column":37}},"loc":{"start":{"line":15,"column":72},"end":{"line":22,"column":1}}},"1":{"name":"(anonymous_2)","decl":{"start":{"line":24,"column":37},"end":{"line":24,"column":42}},"loc":{"start":{"line":24,"column":73},"end":{"line":37,"column":1}}}},"branchMap":{},"s":{"0":7,"1":7,"2":7,"3":7,"4":7,"5":2,"6":7,"7":7,"8":0,"9":0,"10":7},"f":{"0":2,"1":0},"b":{}}
,"C:\\Dev\\Training 2\\My revision\\TypescriptRev\\Typescript13\\src\\Bookings\\booking.controller.ts": {"path":"C:\\Dev\\Training 2\\My revision\\TypescriptRev\\Typescript13\\src\\Bookings\\booking.controller.ts","statementMap":{"0":{"start":{"line":2,"column":0},"end":{"line":2,"column":52}},"1":{"start":{"line":10,"column":29},"end":{"line":24,"column":1}},"2":{"start":{"line":14,"column":2},"end":{"line":23,"column":3}},"3":{"start":{"line":15,"column":19},"end":{"line":15,"column":31}},"4":{"start":{"line":16,"column":17},"end":{"line":16,"column":49}},"5":{"start":{"line":18,"column":23},"end":{"line":18,"column":63}},"6":{"start":{"line":19,"column":4},"end":{"line":19,"column":37}},"7":{"start":{"line":21,"column":4},"end":{"line":21,"column":53}},"8":{"start":{"line":22,"column":4},"end":{"line":22,"column":63}},"9":{"start":{"line":10,"column":13},"end":{"line":10,"column":29}},"10":{"start":{"line":27,"column":27},"end":{"line":44,"column":1}},"11":{"start":{"line":31,"column":2},"end":{"line":43,"column":3}},"12":{"start":{"line":32,"column":4},"end":{"line":39,"column":5}},"13":{"start":{"line":33,"column":23},"end":{"line":33,"column":60}},"14":{"start":{"line":34,"column":6},"end":{"line":34,"column":25}},"15":{"start":{"line":36,"column":21},"end":{"line":36,"column":33}},"16":{"start":{"line":37,"column":23},"end":{"line":37,"column":70}},"17":{"start":{"line":38,"column":6},"end":{"line":38,"column":25}},"18":{"start":{"line":41,"column":4},"end":{"line":41,"column":52}},"19":{"start":{"line":42,"column":4},"end":{"line":42,"column":63}},"20":{"start":{"line":27,"column":13},"end":{"line":27,"column":27}},"21":{"start":{"line":47,"column":29},"end":{"line":67,"column":1}},"22":{"start":{"line":51,"column":2},"end":{"line":66,"column":3}},"23":{"start":{"line":52,"column":22},"end":{"line":52,"column":45}},"24":{"start":{"line":53,"column":19},"end":{"line":53,"column":31}},"25":{"start":{"line":54,"column":20},"end":{"line":54,"column":46}},"26":{"start":{"line":56,"column":20},"end":{"line":56,"column":83}},"27":{"start":{"line":58,"column":4},"end":{"line":62,"column":5}},"28":{"start":{"line":59,"column":6},"end":{"line":59,"column":81}},"29":{"start":{"line":61,"column":6},"end":{"line":61,"column":60}},"30":{"start":{"line":64,"column":4},"end":{"line":64,"column":42}},"31":{"start":{"line":65,"column":4},"end":{"line":65,"column":63}},"32":{"start":{"line":47,"column":13},"end":{"line":47,"column":29}}},"fnMap":{"0":{"name":"(anonymous_9)","decl":{"start":{"line":10,"column":29},"end":{"line":10,"column":34}},"loc":{"start":{"line":13,"column":19},"end":{"line":24,"column":1}}},"1":{"name":"(anonymous_10)","decl":{"start":{"line":27,"column":27},"end":{"line":27,"column":32}},"loc":{"start":{"line":30,"column":19},"end":{"line":44,"column":1}}},"2":{"name":"(anonymous_11)","decl":{"start":{"line":47,"column":29},"end":{"line":47,"column":34}},"loc":{"start":{"line":50,"column":19},"end":{"line":67,"column":1}}}},"branchMap":{"0":{"loc":{"start":{"line":32,"column":4},"end":{"line":39,"column":5}},"type":"if","locations":[{"start":{"line":32,"column":4},"end":{"line":39,"column":5}},{"start":{"line":35,"column":11},"end":{"line":39,"column":5}}]},"1":{"loc":{"start":{"line":58,"column":4},"end":{"line":62,"column":5}},"type":"if","locations":[{"start":{"line":58,"column":4},"end":{"line":62,"column":5}},{"start":{"line":60,"column":11},"end":{"line":62,"column":5}}]}},"s":{"0":7,"1":7,"2":1,"3":1,"4":1,"5":1,"6":1,"7":0,"8":0,"9":7,"10":7,"11":2,"12":2,"13":1,"14":1,"15":1,"16":1,"17":1,"18":0,"19":0,"20":7,"21":7,"22":2,"23":2,"24":2,"25":2,"26":2,"27":2,"28":1,"29":1,"30":0,"31":0,"32":7},"f":{"0":1,"1":2,"2":2},"b":{"0":[1,1],"1":[1,1]}}
,"C:\\Dev\\Training 2\\My revision\\TypescriptRev\\Typescript13\\src\\Bookings\\booking.routes.ts": {"path":"C:\\Dev\\Training 2\\My revision\\TypescriptRev\\Typescript13\\src\\Bookings\\booking.routes.ts","statementMap":{"0":{"start":{"line":1,"column":0},"end":{"line":1,"column":30}},"1":{"start":{"line":2,"column":0},"end":{"line":2,"column":null}},"2":{"start":{"line":7,"column":0},"end":{"line":7,"column":76}},"3":{"start":{"line":9,"column":15},"end":{"line":9,"column":31}},"4":{"start":{"line":12,"column":0},"end":{"line":12,"column":46}},"5":{"start":{"line":15,"column":0},"end":{"line":15,"column":43}},"6":{"start":{"line":18,"column":0},"end":{"line":18,"column":51}},"7":{"start":{"line":20,"column":0},"end":{"line":20,"column":22}}},"fnMap":{},"branchMap":{},"s":{"0":7,"1":7,"2":7,"3":7,"4":7,"5":7,"6":7,"7":7},"f":{},"b":{}}
,"C:\\Dev\\Training 2\\My revision\\TypescriptRev\\Typescript13\\src\\Bookings\\booking.service.ts": {"path":"C:\\Dev\\Training 2\\My revision\\TypescriptRev\\Typescript13\\src\\Bookings\\booking.service.ts","statementMap":{"0":{"start":{"line":1,"column":0},"end":{"line":1,"column":31}},"1":{"start":{"line":2,"column":0},"end":{"line":2,"column":45}},"2":{"start":{"line":3,"column":0},"end":{"line":3,"column":33}},"3":{"start":{"line":5,"column":29},"end":{"line":6,"column":63}},"4":{"start":{"line":6,"column":2},"end":{"line":6,"column":63}},"5":{"start":{"line":6,"column":61},"end":{"line":6,"column":62}},"6":{"start":{"line":5,"column":13},"end":{"line":5,"column":29}},"7":{"start":{"line":9,"column":30},"end":{"line":9,"column":62}},"8":{"start":{"line":9,"column":36},"end":{"line":9,"column":62}},"9":{"start":{"line":9,"column":13},"end":{"line":9,"column":30}},"10":{"start":{"line":12,"column":33},"end":{"line":13,"column":64}},"11":{"start":{"line":13,"column":2},"end":{"line":13,"column":64}},"12":{"start":{"line":12,"column":13},"end":{"line":12,"column":33}},"13":{"start":{"line":16,"column":29},"end":{"line":39,"column":1}},"14":{"start":{"line":21,"column":2},"end":{"line":24,"column":3}},"15":{"start":{"line":22,"column":4},"end":{"line":22,"column":72}},"16":{"start":{"line":23,"column":4},"end":{"line":23,"column":16}},"17":{"start":{"line":27,"column":18},"end":{"line":31,"column":21}},"18":{"start":{"line":31,"column":19},"end":{"line":31,"column":20}},"19":{"start":{"line":33,"column":2},"end":{"line":35,"column":3}},"20":{"start":{"line":34,"column":4},"end":{"line":34,"column":17}},"21":{"start":{"line":37,"column":2},"end":{"line":37,"column":70}},"22":{"start":{"line":38,"column":2},"end":{"line":38,"column":14}},"23":{"start":{"line":16,"column":13},"end":{"line":16,"column":29}}},"fnMap":{"0":{"name":"(anonymous_1)","decl":{"start":{"line":5,"column":29},"end":{"line":5,"column":30}},"loc":{"start":{"line":6,"column":2},"end":{"line":6,"column":63}}},"1":{"name":"(anonymous_2)","decl":{"start":{"line":6,"column":52},"end":{"line":6,"column":53}},"loc":{"start":{"line":6,"column":61},"end":{"line":6,"column":62}}},"2":{"name":"(anonymous_3)","decl":{"start":{"line":9,"column":30},"end":{"line":9,"column":33}},"loc":{"start":{"line":9,"column":36},"end":{"line":9,"column":62}}},"3":{"name":"(anonymous_4)","decl":{"start":{"line":12,"column":33},"end":{"line":12,"column":34}},"loc":{"start":{"line":13,"column":2},"end":{"line":13,"column":64}}},"4":{"name":"(anonymous_5)","decl":{"start":{"line":16,"column":29},"end":{"line":16,"column":34}},"loc":{"start":{"line":20,"column":4},"end":{"line":39,"column":1}}},"5":{"name":"(anonymous_6)","decl":{"start":{"line":31,"column":10},"end":{"line":31,"column":11}},"loc":{"start":{"line":31,"column":19},"end":{"line":31,"column":20}}}},"branchMap":{"0":{"loc":{"start":{"line":21,"column":2},"end":{"line":24,"column":3}},"type":"if","locations":[{"start":{"line":21,"column":2},"end":{"line":24,"column":3}},{"start":{},"end":{}}]},"1":{"loc":{"start":{"line":33,"column":2},"end":{"line":35,"column":3}},"type":"if","locations":[{"start":{"line":33,"column":2},"end":{"line":35,"column":3}},{"start":{},"end":{}}]},"2":{"loc":{"start":{"line":33,"column":6},"end":{"line":33,"column":44}},"type":"binary-expr","locations":[{"start":{"line":33,"column":6},"end":{"line":33,"column":14}},{"start":{"line":33,"column":18},"end":{"line":33,"column":44}}]}},"s":{"0":7,"1":7,"2":7,"3":7,"4":1,"5":1,"6":7,"7":7,"8":1,"9":7,"10":7,"11":1,"12":7,"13":7,"14":2,"15":0,"16":0,"17":2,"18":2,"19":2,"20":1,"21":1,"22":1,"23":7},"f":{"0":1,"1":1,"2":1,"3":1,"4":2,"5":2},"b":{"0":[0,2],"1":[1,1],"2":[2,1]}}
,"C:\\Dev\\Training 2\\My revision\\TypescriptRev\\Typescript13\\src\\Drizzle\\db.ts": {"path":"C:\\Dev\\Training 2\\My revision\\TypescriptRev\\Typescript13\\src\\Drizzle\\db.ts","statementMap":{"0":{"start":{"line":28,"column":0},"end":{"line":28,"column":23}},"1":{"start":{"line":29,"column":0},"end":{"line":29,"column":52}},"2":{"start":{"line":30,"column":0},"end":{"line":30,"column":28}},"3":{"start":{"line":31,"column":0},"end":{"line":31,"column":35}},"4":{"start":{"line":33,"column":13},"end":{"line":35,"column":3}},"5":{"start":{"line":37,"column":25},"end":{"line":45,"column":1}},"6":{"start":{"line":38,"column":2},"end":{"line":44,"column":3}},"7":{"start":{"line":39,"column":4},"end":{"line":39,"column":27}},"8":{"start":{"line":40,"column":4},"end":{"line":40,"column":45}},"9":{"start":{"line":42,"column":4},"end":{"line":42,"column":54}},"10":{"start":{"line":43,"column":4},"end":{"line":43,"column":14}},"11":{"start":{"line":37,"column":13},"end":{"line":37,"column":25}},"12":{"start":{"line":47,"column":28},"end":{"line":50,"column":1}},"13":{"start":{"line":48,"column":2},"end":{"line":48,"column":21}},"14":{"start":{"line":49,"column":2},"end":{"line":49,"column":44}},"15":{"start":{"line":47,"column":13},"end":{"line":47,"column":28}},"16":{"start":{"line":52,"column":11},"end":{"line":52,"column":52}},"17":{"start":{"line":53,"column":0},"end":{"line":53,"column":18}}},"fnMap":{"0":{"name":"(anonymous_9)","decl":{"start":{"line":37,"column":25},"end":{"line":37,"column":30}},"loc":{"start":{"line":37,"column":36},"end":{"line":45,"column":1}}},"1":{"name":"(anonymous_10)","decl":{"start":{"line":47,"column":28},"end":{"line":47,"column":33}},"loc":{"start":{"line":47,"column":39},"end":{"line":50,"column":1}}}},"branchMap":{},"s":{"0":8,"1":8,"2":8,"3":8,"4":8,"5":8,"6":7,"7":7,"8":7,"9":0,"10":0,"11":8,"12":8,"13":7,"14":7,"15":8,"16":8,"17":8},"f":{"0":7,"1":7},"b":{}}
,"C:\\Dev\\Training 2\\My revision\\TypescriptRev\\Typescript13\\src\\Drizzle\\schema.ts": {"path":"C:\\Dev\\Training 2\\My revision\\TypescriptRev\\Typescript13\\src\\Drizzle\\schema.ts","statementMap":{"0":{"start":{"line":1,"column":0},"end":{"line":1,"column":131}},"1":{"start":{"line":2,"column":0},"end":{"line":2,"column":40}},"2":{"start":{"line":5,"column":13},"end":{"line":5,"column":58}},"3":{"start":{"line":6,"column":13},"end":{"line":6,"column":97}},"4":{"start":{"line":7,"column":13},"end":{"line":7,"column":89}},"5":{"start":{"line":10,"column":13},"end":{"line":21,"column":3}},"6":{"start":{"line":24,"column":13},"end":{"line":30,"column":3}},"7":{"start":{"line":33,"column":13},"end":{"line":46,"column":3}},"8":{"start":{"line":37,"column":49},"end":{"line":37,"column":64}},"9":{"start":{"line":49,"column":13},"end":{"line":58,"column":3}},"10":{"start":{"line":51,"column":47},"end":{"line":51,"column":60}},"11":{"start":{"line":52,"column":49},"end":{"line":52,"column":64}},"12":{"start":{"line":61,"column":13},"end":{"line":72,"column":3}},"13":{"start":{"line":62,"column":47},"end":{"line":62,"column":60}},"14":{"start":{"line":64,"column":53},"end":{"line":64,"column":72}},"15":{"start":{"line":76,"column":13},"end":{"line":84,"column":3}},"16":{"start":{"line":78,"column":47},"end":{"line":78,"column":60}},"17":{"start":{"line":91,"column":13},"end":{"line":94,"column":4}},"18":{"start":{"line":91,"column":61},"end":{"line":94,"column":2}},"19":{"start":{"line":97,"column":13},"end":{"line":99,"column":4}},"20":{"start":{"line":97,"column":63},"end":{"line":99,"column":2}},"21":{"start":{"line":102,"column":13},"end":{"line":108,"column":4}},"22":{"start":{"line":102,"column":68},"end":{"line":108,"column":2}},"23":{"start":{"line":111,"column":13},"end":{"line":124,"column":4}},"24":{"start":{"line":111,"column":66},"end":{"line":124,"column":2}},"25":{"start":{"line":127,"column":13},"end":{"line":136,"column":4}},"26":{"start":{"line":127,"column":66},"end":{"line":136,"column":2}},"27":{"start":{"line":140,"column":13},"end":{"line":145,"column":4}},"28":{"start":{"line":140,"column":78},"end":{"line":145,"column":2}}},"fnMap":{"0":{"name":"(anonymous_0)","decl":{"start":{"line":37,"column":43},"end":{"line":37,"column":46}},"loc":{"start":{"line":37,"column":49},"end":{"line":37,"column":64}}},"1":{"name":"(anonymous_1)","decl":{"start":{"line":51,"column":41},"end":{"line":51,"column":44}},"loc":{"start":{"line":51,"column":47},"end":{"line":51,"column":60}}},"2":{"name":"(anonymous_2)","decl":{"start":{"line":52,"column":43},"end":{"line":52,"column":46}},"loc":{"start":{"line":52,"column":49},"end":{"line":52,"column":64}}},"3":{"name":"(anonymous_3)","decl":{"start":{"line":62,"column":41},"end":{"line":62,"column":44}},"loc":{"start":{"line":62,"column":47},"end":{"line":62,"column":60}}},"4":{"name":"(anonymous_4)","decl":{"start":{"line":64,"column":47},"end":{"line":64,"column":50}},"loc":{"start":{"line":64,"column":53},"end":{"line":64,"column":72}}},"5":{"name":"(anonymous_5)","decl":{"start":{"line":78,"column":41},"end":{"line":78,"column":44}},"loc":{"start":{"line":78,"column":47},"end":{"line":78,"column":60}}},"6":{"name":"(anonymous_6)","decl":{"start":{"line":91,"column":46},"end":{"line":91,"column":47}},"loc":{"start":{"line":91,"column":61},"end":{"line":94,"column":2}}},"7":{"name":"(anonymous_7)","decl":{"start":{"line":97,"column":48},"end":{"line":97,"column":49}},"loc":{"start":{"line":97,"column":63},"end":{"line":99,"column":2}}},"8":{"name":"(anonymous_8)","decl":{"start":{"line":102,"column":48},"end":{"line":102,"column":49}},"loc":{"start":{"line":102,"column":68},"end":{"line":108,"column":2}}},"9":{"name":"(anonymous_9)","decl":{"start":{"line":111,"column":52},"end":{"line":111,"column":53}},"loc":{"start":{"line":111,"column":66},"end":{"line":124,"column":2}}},"10":{"name":"(anonymous_10)","decl":{"start":{"line":127,"column":52},"end":{"line":127,"column":53}},"loc":{"start":{"line":127,"column":66},"end":{"line":136,"column":2}}},"11":{"name":"(anonymous_11)","decl":{"start":{"line":140,"column":64},"end":{"line":140,"column":65}},"loc":{"start":{"line":140,"column":78},"end":{"line":145,"column":2}}}},"branchMap":{},"s":{"0":8,"1":8,"2":8,"3":8,"4":8,"5":8,"6":8,"7":8,"8":0,"9":8,"10":0,"11":0,"12":8,"13":0,"14":0,"15":8,"16":0,"17":8,"18":8,"19":8,"20":8,"21":8,"22":8,"23":8,"24":8,"25":8,"26":8,"27":8,"28":8},"f":{"0":0,"1":0,"2":0,"3":0,"4":0,"5":0,"6":8,"7":8,"8":8,"9":8,"10":8,"11":8},"b":{}}
,"C:\\Dev\\Training 2\\My revision\\TypescriptRev\\Typescript13\\src\\Events\\event.controller.ts": {"path":"C:\\Dev\\Training 2\\My revision\\TypescriptRev\\Typescript13\\src\\Events\\event.controller.ts","statementMap":{"0":{"start":{"line":2,"column":0},"end":{"line":2,"column":48}},"1":{"start":{"line":10,"column":27},"end":{"line":23,"column":1}},"2":{"start":{"line":11,"column":2},"end":{"line":22,"column":3}},"3":{"start":{"line":12,"column":4},"end":{"line":15,"column":5}},"4":{"start":{"line":13,"column":6},"end":{"line":13,"column":73}},"5":{"start":{"line":14,"column":6},"end":{"line":14,"column":13}},"6":{"start":{"line":17,"column":21},"end":{"line":17,"column":61}},"7":{"start":{"line":18,"column":4},"end":{"line":18,"column":35}},"8":{"start":{"line":20,"column":4},"end":{"line":20,"column":51}},"9":{"start":{"line":21,"column":4},"end":{"line":21,"column":63}},"10":{"start":{"line":10,"column":13},"end":{"line":10,"column":27}},"11":{"start":{"line":26,"column":25},"end":{"line":34,"column":1}},"12":{"start":{"line":27,"column":2},"end":{"line":33,"column":3}},"13":{"start":{"line":28,"column":19},"end":{"line":28,"column":52}},"14":{"start":{"line":29,"column":4},"end":{"line":29,"column":21}},"15":{"start":{"line":31,"column":4},"end":{"line":31,"column":52}},"16":{"start":{"line":32,"column":4},"end":{"line":32,"column":63}},"17":{"start":{"line":26,"column":13},"end":{"line":26,"column":25}},"18":{"start":{"line":37,"column":27},"end":{"line":54,"column":1}},"19":{"start":{"line":38,"column":2},"end":{"line":53,"column":3}},"20":{"start":{"line":39,"column":4},"end":{"line":42,"column":5}},"21":{"start":{"line":40,"column":6},"end":{"line":40,"column":73}},"22":{"start":{"line":41,"column":6},"end":{"line":41,"column":13}},"23":{"start":{"line":44,"column":20},"end":{"line":44,"column":85}},"24":{"start":{"line":45,"column":4},"end":{"line":49,"column":5}},"25":{"start":{"line":46,"column":6},"end":{"line":46,"column":59}},"26":{"start":{"line":48,"column":6},"end":{"line":48,"column":24}},"27":{"start":{"line":51,"column":4},"end":{"line":51,"column":49}},"28":{"start":{"line":52,"column":4},"end":{"line":52,"column":63}},"29":{"start":{"line":37,"column":13},"end":{"line":37,"column":27}},"30":{"start":{"line":57,"column":27},"end":{"line":74,"column":1}},"31":{"start":{"line":58,"column":2},"end":{"line":73,"column":3}},"32":{"start":{"line":59,"column":4},"end":{"line":62,"column":5}},"33":{"start":{"line":60,"column":6},"end":{"line":60,"column":73}},"34":{"start":{"line":61,"column":6},"end":{"line":61,"column":13}},"35":{"start":{"line":64,"column":20},"end":{"line":64,"column":75}},"36":{"start":{"line":65,"column":4},"end":{"line":69,"column":5}},"37":{"start":{"line":66,"column":6},"end":{"line":66,"column":59}},"38":{"start":{"line":68,"column":6},"end":{"line":68,"column":58}},"39":{"start":{"line":71,"column":4},"end":{"line":71,"column":48}},"40":{"start":{"line":72,"column":4},"end":{"line":72,"column":63}},"41":{"start":{"line":57,"column":13},"end":{"line":57,"column":27}}},"fnMap":{"0":{"name":"(anonymous_9)","decl":{"start":{"line":10,"column":27},"end":{"line":10,"column":32}},"loc":{"start":{"line":10,"column":93},"end":{"line":23,"column":1}}},"1":{"name":"(anonymous_10)","decl":{"start":{"line":26,"column":25},"end":{"line":26,"column":30}},"loc":{"start":{"line":26,"column":79},"end":{"line":34,"column":1}}},"2":{"name":"(anonymous_11)","decl":{"start":{"line":37,"column":27},"end":{"line":37,"column":32}},"loc":{"start":{"line":37,"column":93},"end":{"line":54,"column":1}}},"3":{"name":"(anonymous_12)","decl":{"start":{"line":57,"column":27},"end":{"line":57,"column":32}},"loc":{"start":{"line":57,"column":93},"end":{"line":74,"column":1}}}},"branchMap":{"0":{"loc":{"start":{"line":12,"column":4},"end":{"line":15,"column":5}},"type":"if","locations":[{"start":{"line":12,"column":4},"end":{"line":15,"column":5}},{"start":{},"end":{}}]},"1":{"loc":{"start":{"line":39,"column":4},"end":{"line":42,"column":5}},"type":"if","locations":[{"start":{"line":39,"column":4},"end":{"line":42,"column":5}},{"start":{},"end":{}}]},"2":{"loc":{"start":{"line":45,"column":4},"end":{"line":49,"column":5}},"type":"if","locations":[{"start":{"line":45,"column":4},"end":{"line":49,"column":5}},{"start":{"line":47,"column":11},"end":{"line":49,"column":5}}]},"3":{"loc":{"start":{"line":59,"column":4},"end":{"line":62,"column":5}},"type":"if","locations":[{"start":{"line":59,"column":4},"end":{"line":62,"column":5}},{"start":{},"end":{}}]},"4":{"loc":{"start":{"line":65,"column":4},"end":{"line":69,"column":5}},"type":"if","locations":[{"start":{"line":65,"column":4},"end":{"line":69,"column":5}},{"start":{"line":67,"column":11},"end":{"line":69,"column":5}}]}},"s":{"0":7,"1":7,"2":2,"3":2,"4":1,"5":1,"6":1,"7":1,"8":0,"9":0,"10":7,"11":7,"12":1,"13":1,"14":1,"15":0,"16":0,"17":7,"18":7,"19":1,"20":1,"21":0,"22":0,"23":1,"24":1,"25":0,"26":1,"27":0,"28":0,"29":7,"30":7,"31":2,"32":2,"33":0,"34":0,"35":2,"36":2,"37":1,"38":1,"39":0,"40":0,"41":7},"f":{"0":2,"1":1,"2":1,"3":2},"b":{"0":[1,1],"1":[0,1],"2":[0,1],"3":[0,2],"4":[1,1]}}
,"C:\\Dev\\Training 2\\My revision\\TypescriptRev\\Typescript13\\src\\Events\\event.routes.ts": {"path":"C:\\Dev\\Training 2\\My revision\\TypescriptRev\\Typescript13\\src\\Events\\event.routes.ts","statementMap":{"0":{"start":{"line":1,"column":0},"end":{"line":1,"column":30}},"1":{"start":{"line":2,"column":0},"end":{"line":2,"column":null}},"2":{"start":{"line":8,"column":0},"end":{"line":8,"column":61}},"3":{"start":{"line":10,"column":15},"end":{"line":10,"column":31}},"4":{"start":{"line":13,"column":0},"end":{"line":13,"column":27}},"5":{"start":{"line":16,"column":0},"end":{"line":16,"column":44}},"6":{"start":{"line":17,"column":0},"end":{"line":17,"column":46}},"7":{"start":{"line":18,"column":0},"end":{"line":18,"column":49}},"8":{"start":{"line":20,"column":0},"end":{"line":20,"column":22}}},"fnMap":{},"branchMap":{},"s":{"0":7,"1":7,"2":7,"3":7,"4":7,"5":7,"6":7,"7":7,"8":7},"f":{},"b":{}}
,"C:\\Dev\\Training 2\\My revision\\TypescriptRev\\Typescript13\\src\\Events\\event.service.ts": {"path":"C:\\Dev\\Training 2\\My revision\\TypescriptRev\\Typescript13\\src\\Events\\event.service.ts","statementMap":{"0":{"start":{"line":1,"column":0},"end":{"line":1,"column":31}},"1":{"start":{"line":2,"column":0},"end":{"line":2,"column":43}},"2":{"start":{"line":3,"column":0},"end":{"line":3,"column":33}},"3":{"start":{"line":6,"column":27},"end":{"line":7,"column":61}},"4":{"start":{"line":7,"column":2},"end":{"line":7,"column":61}},"5":{"start":{"line":7,"column":59},"end":{"line":7,"column":60}},"6":{"start":{"line":6,"column":13},"end":{"line":6,"column":27}},"7":{"start":{"line":10,"column":28},"end":{"line":10,"column":58}},"8":{"start":{"line":10,"column":34},"end":{"line":10,"column":58}},"9":{"start":{"line":10,"column":13},"end":{"line":10,"column":28}},"10":{"start":{"line":13,"column":27},"end":{"line":16,"column":1}},"11":{"start":{"line":14,"column":20},"end":{"line":14,"column":101}},"12":{"start":{"line":15,"column":2},"end":{"line":15,"column":17}},"13":{"start":{"line":13,"column":13},"end":{"line":13,"column":27}},"14":{"start":{"line":20,"column":27},"end":{"line":23,"column":1}},"15":{"start":{"line":21,"column":18},"end":{"line":21,"column":77}},"16":{"start":{"line":22,"column":2},"end":{"line":22,"column":38}},"17":{"start":{"line":20,"column":13},"end":{"line":20,"column":27}}},"fnMap":{"0":{"name":"(anonymous_1)","decl":{"start":{"line":6,"column":27},"end":{"line":6,"column":28}},"loc":{"start":{"line":7,"column":2},"end":{"line":7,"column":61}}},"1":{"name":"(anonymous_2)","decl":{"start":{"line":7,"column":50},"end":{"line":7,"column":51}},"loc":{"start":{"line":7,"column":59},"end":{"line":7,"column":60}}},"2":{"name":"(anonymous_3)","decl":{"start":{"line":10,"column":28},"end":{"line":10,"column":31}},"loc":{"start":{"line":10,"column":34},"end":{"line":10,"column":58}}},"3":{"name":"(anonymous_4)","decl":{"start":{"line":13,"column":27},"end":{"line":13,"column":32}},"loc":{"start":{"line":13,"column":96},"end":{"line":16,"column":1}}},"4":{"name":"(anonymous_5)","decl":{"start":{"line":20,"column":27},"end":{"line":20,"column":32}},"loc":{"start":{"line":20,"column":53},"end":{"line":23,"column":1}}}},"branchMap":{"0":{"loc":{"start":{"line":22,"column":10},"end":{"line":22,"column":32}},"type":"binary-expr","locations":[{"start":{"line":22,"column":10},"end":{"line":22,"column":27}},{"start":{"line":22,"column":31},"end":{"line":22,"column":32}}]}},"s":{"0":7,"1":7,"2":7,"3":7,"4":1,"5":1,"6":7,"7":7,"8":1,"9":7,"10":7,"11":1,"12":1,"13":7,"14":7,"15":2,"16":2,"17":7},"f":{"0":1,"1":1,"2":1,"3":1,"4":2},"b":{"0":[2,0]}}
,"C:\\Dev\\Training 2\\My revision\\TypescriptRev\\Typescript13\\src\\Payments\\payment.controller.ts": {"path":"C:\\Dev\\Training 2\\My revision\\TypescriptRev\\Typescript13\\src\\Payments\\payment.controller.ts","statementMap":{"0":{"start":{"line":2,"column":0},"end":{"line":2,"column":52}},"1":{"start":{"line":10,"column":29},"end":{"line":19,"column":1}},"2":{"start":{"line":11,"column":2},"end":{"line":18,"column":3}},"3":{"start":{"line":12,"column":19},"end":{"line":12,"column":31}},"4":{"start":{"line":13,"column":20},"end":{"line":13,"column":73}},"5":{"start":{"line":14,"column":4},"end":{"line":14,"column":34}},"6":{"start":{"line":16,"column":4},"end":{"line":16,"column":52}},"7":{"start":{"line":17,"column":4},"end":{"line":17,"column":63}},"8":{"start":{"line":10,"column":13},"end":{"line":10,"column":29}},"9":{"start":{"line":22,"column":27},"end":{"line":39,"column":1}},"10":{"start":{"line":26,"column":2},"end":{"line":38,"column":3}},"11":{"start":{"line":27,"column":4},"end":{"line":34,"column":5}},"12":{"start":{"line":28,"column":23},"end":{"line":28,"column":60}},"13":{"start":{"line":29,"column":6},"end":{"line":29,"column":25}},"14":{"start":{"line":31,"column":21},"end":{"line":31,"column":33}},"15":{"start":{"line":32,"column":23},"end":{"line":32,"column":70}},"16":{"start":{"line":33,"column":6},"end":{"line":33,"column":25}},"17":{"start":{"line":36,"column":4},"end":{"line":36,"column":52}},"18":{"start":{"line":37,"column":4},"end":{"line":37,"column":63}},"19":{"start":{"line":22,"column":13},"end":{"line":22,"column":27}}},"fnMap":{"0":{"name":"(anonymous_9)","decl":{"start":{"line":10,"column":29},"end":{"line":10,"column":34}},"loc":{"start":{"line":10,"column":80},"end":{"line":19,"column":1}}},"1":{"name":"(anonymous_10)","decl":{"start":{"line":22,"column":27},"end":{"line":22,"column":32}},"loc":{"start":{"line":25,"column":19},"end":{"line":39,"column":1}}}},"branchMap":{"0":{"loc":{"start":{"line":27,"column":4},"end":{"line":34,"column":5}},"type":"if","locations":[{"start":{"line":27,"column":4},"end":{"line":34,"column":5}},{"start":{"line":30,"column":11},"end":{"line":34,"column":5}}]}},"s":{"0":7,"1":7,"2":3,"3":3,"4":3,"5":1,"6":2,"7":2,"8":7,"9":7,"10":3,"11":3,"12":1,"13":1,"14":2,"15":2,"16":2,"17":0,"18":0,"19":7},"f":{"0":3,"1":3},"b":{"0":[1,2]}}
,"C:\\Dev\\Training 2\\My revision\\TypescriptRev\\Typescript13\\src\\Payments\\payment.routes.ts": {"path":"C:\\Dev\\Training 2\\My revision\\TypescriptRev\\Typescript13\\src\\Payments\\payment.routes.ts","statementMap":{"0":{"start":{"line":1,"column":0},"end":{"line":1,"column":30}},"1":{"start":{"line":2,"column":0},"end":{"line":2,"column":null}},"2":{"start":{"line":6,"column":0},"end":{"line":6,"column":61}},"3":{"start":{"line":8,"column":15},"end":{"line":8,"column":31}},"4":{"start":{"line":10,"column":0},"end":{"line":10,"column":46}},"5":{"start":{"line":11,"column":0},"end":{"line":11,"column":43}},"6":{"start":{"line":13,"column":0},"end":{"line":13,"column":22}}},"fnMap":{},"branchMap":{},"s":{"0":7,"1":7,"2":7,"3":7,"4":7,"5":7,"6":7},"f":{},"b":{}}
,"C:\\Dev\\Training 2\\My revision\\TypescriptRev\\Typescript13\\src\\Payments\\payment.service.ts": {"path":"C:\\Dev\\Training 2\\My revision\\TypescriptRev\\Typescript13\\src\\Payments\\payment.service.ts","statementMap":{"0":{"start":{"line":1,"column":0},"end":{"line":1,"column":31}},"1":{"start":{"line":2,"column":0},"end":{"line":2,"column":55}},"2":{"start":{"line":3,"column":0},"end":{"line":3,"column":38}},"3":{"start":{"line":5,"column":29},"end":{"line":31,"column":1}},"4":{"start":{"line":9,"column":2},"end":{"line":11,"column":3}},"5":{"start":{"line":10,"column":4},"end":{"line":10,"column":53}},"6":{"start":{"line":13,"column":20},"end":{"line":20,"column":null}},"7":{"start":{"line":23,"column":2},"end":{"line":23,"column":69}},"8":{"start":{"line":23,"column":16},"end":{"line":23,"column":69}},"9":{"start":{"line":25,"column":23},"end":{"line":28,"column":16}},"10":{"start":{"line":30,"column":2},"end":{"line":30,"column":20}},"11":{"start":{"line":5,"column":13},"end":{"line":5,"column":29}},"12":{"start":{"line":35,"column":30},"end":{"line":35,"column":62}},"13":{"start":{"line":35,"column":36},"end":{"line":35,"column":62}},"14":{"start":{"line":35,"column":13},"end":{"line":35,"column":30}},"15":{"start":{"line":38,"column":33},"end":{"line":44,"column":1}},"16":{"start":{"line":39,"column":2},"end":{"line":43,"column":41}},"17":{"start":{"line":38,"column":13},"end":{"line":38,"column":33}}},"fnMap":{"0":{"name":"(anonymous_1)","decl":{"start":{"line":5,"column":29},"end":{"line":5,"column":34}},"loc":{"start":{"line":8,"column":4},"end":{"line":31,"column":1}}},"1":{"name":"(anonymous_2)","decl":{"start":{"line":35,"column":30},"end":{"line":35,"column":33}},"loc":{"start":{"line":35,"column":36},"end":{"line":35,"column":62}}},"2":{"name":"(anonymous_3)","decl":{"start":{"line":38,"column":33},"end":{"line":38,"column":38}},"loc":{"start":{"line":38,"column":58},"end":{"line":44,"column":1}}}},"branchMap":{"0":{"loc":{"start":{"line":9,"column":2},"end":{"line":11,"column":3}},"type":"if","locations":[{"start":{"line":9,"column":2},"end":{"line":11,"column":3}},{"start":{},"end":{}}]},"1":{"loc":{"start":{"line":9,"column":6},"end":{"line":9,"column":33}},"type":"binary-expr","locations":[{"start":{"line":9,"column":6},"end":{"line":9,"column":13}},{"start":{"line":9,"column":17},"end":{"line":9,"column":33}}]},"2":{"loc":{"start":{"line":23,"column":2},"end":{"line":23,"column":69}},"type":"if","locations":[{"start":{"line":23,"column":2},"end":{"line":23,"column":69}},{"start":{},"end":{}}]}},"s":{"0":7,"1":7,"2":7,"3":7,"4":3,"5":0,"6":3,"7":3,"8":1,"9":2,"10":1,"11":7,"12":7,"13":1,"14":7,"15":7,"16":2,"17":7},"f":{"0":3,"1":1,"2":2},"b":{"0":[0,3],"1":[3,3],"2":[1,2]}}
,"C:\\Dev\\Training 2\\My revision\\TypescriptRev\\Typescript13\\src\\Tickets\\supportTicket.controller.ts": {"path":"C:\\Dev\\Training 2\\My revision\\TypescriptRev\\Typescript13\\src\\Tickets\\supportTicket.controller.ts","statementMap":{"0":{"start":{"line":61,"column":0},"end":{"line":61,"column":57}},"1":{"start":{"line":69,"column":28},"end":{"line":79,"column":1}},"2":{"start":{"line":70,"column":2},"end":{"line":78,"column":3}},"3":{"start":{"line":71,"column":19},"end":{"line":71,"column":31}},"4":{"start":{"line":72,"column":17},"end":{"line":72,"column":49}},"5":{"start":{"line":73,"column":22},"end":{"line":73,"column":60}},"6":{"start":{"line":74,"column":4},"end":{"line":74,"column":36}},"7":{"start":{"line":76,"column":4},"end":{"line":76,"column":52}},"8":{"start":{"line":77,"column":4},"end":{"line":77,"column":63}},"9":{"start":{"line":69,"column":13},"end":{"line":69,"column":28}},"10":{"start":{"line":82,"column":26},"end":{"line":96,"column":1}},"11":{"start":{"line":83,"column":2},"end":{"line":95,"column":3}},"12":{"start":{"line":84,"column":4},"end":{"line":91,"column":5}},"13":{"start":{"line":85,"column":22},"end":{"line":85,"column":57}},"14":{"start":{"line":86,"column":6},"end":{"line":86,"column":24}},"15":{"start":{"line":88,"column":21},"end":{"line":88,"column":33}},"16":{"start":{"line":89,"column":22},"end":{"line":89,"column":67}},"17":{"start":{"line":90,"column":6},"end":{"line":90,"column":24}},"18":{"start":{"line":93,"column":4},"end":{"line":93,"column":48}},"19":{"start":{"line":94,"column":4},"end":{"line":94,"column":63}},"20":{"start":{"line":82,"column":13},"end":{"line":82,"column":26}},"21":{"start":{"line":99,"column":28},"end":{"line":116,"column":1}},"22":{"start":{"line":100,"column":2},"end":{"line":115,"column":3}},"23":{"start":{"line":101,"column":21},"end":{"line":101,"column":44}},"24":{"start":{"line":102,"column":19},"end":{"line":102,"column":31}},"25":{"start":{"line":103,"column":20},"end":{"line":103,"column":46}},"26":{"start":{"line":105,"column":20},"end":{"line":105,"column":80}},"27":{"start":{"line":107,"column":4},"end":{"line":111,"column":5}},"28":{"start":{"line":108,"column":6},"end":{"line":108,"column":80}},"29":{"start":{"line":110,"column":6},"end":{"line":110,"column":59}},"30":{"start":{"line":113,"column":4},"end":{"line":113,"column":50}},"31":{"start":{"line":114,"column":4},"end":{"line":114,"column":63}},"32":{"start":{"line":99,"column":13},"end":{"line":99,"column":28}}},"fnMap":{"0":{"name":"(anonymous_9)","decl":{"start":{"line":69,"column":28},"end":{"line":69,"column":33}},"loc":{"start":{"line":69,"column":94},"end":{"line":79,"column":1}}},"1":{"name":"(anonymous_10)","decl":{"start":{"line":82,"column":26},"end":{"line":82,"column":31}},"loc":{"start":{"line":82,"column":92},"end":{"line":96,"column":1}}},"2":{"name":"(anonymous_11)","decl":{"start":{"line":99,"column":28},"end":{"line":99,"column":33}},"loc":{"start":{"line":99,"column":94},"end":{"line":116,"column":1}}}},"branchMap":{"0":{"loc":{"start":{"line":84,"column":4},"end":{"line":91,"column":5}},"type":"if","locations":[{"start":{"line":84,"column":4},"end":{"line":91,"column":5}},{"start":{"line":87,"column":11},"end":{"line":91,"column":5}}]},"1":{"loc":{"start":{"line":107,"column":4},"end":{"line":111,"column":5}},"type":"if","locations":[{"start":{"line":107,"column":4},"end":{"line":111,"column":5}},{"start":{"line":109,"column":11},"end":{"line":111,"column":5}}]}},"s":{"0":7,"1":7,"2":1,"3":1,"4":1,"5":1,"6":1,"7":0,"8":0,"9":7,"10":7,"11":2,"12":2,"13":1,"14":1,"15":1,"16":1,"17":1,"18":0,"19":0,"20":7,"21":7,"22":3,"23":3,"24":3,"25":3,"26":3,"27":3,"28":1,"29":2,"30":0,"31":0,"32":7},"f":{"0":1,"1":2,"2":3},"b":{"0":[1,1],"1":[1,2]}}
,"C:\\Dev\\Training 2\\My revision\\TypescriptRev\\Typescript13\\src\\Tickets\\supportTicket.routes.ts": {"path":"C:\\Dev\\Training 2\\My revision\\TypescriptRev\\Typescript13\\src\\Tickets\\supportTicket.routes.ts","statementMap":{"0":{"start":{"line":1,"column":0},"end":{"line":1,"column":30}},"1":{"start":{"line":2,"column":0},"end":{"line":2,"column":null}},"2":{"start":{"line":7,"column":0},"end":{"line":7,"column":61}},"3":{"start":{"line":9,"column":15},"end":{"line":9,"column":31}},"4":{"start":{"line":12,"column":0},"end":{"line":12,"column":45}},"5":{"start":{"line":15,"column":0},"end":{"line":15,"column":42}},"6":{"start":{"line":18,"column":0},"end":{"line":18,"column":50}},"7":{"start":{"line":20,"column":0},"end":{"line":20,"column":22}}},"fnMap":{},"branchMap":{},"s":{"0":7,"1":7,"2":7,"3":7,"4":7,"5":7,"6":7,"7":7},"f":{},"b":{}}
,"C:\\Dev\\Training 2\\My revision\\TypescriptRev\\Typescript13\\src\\Tickets\\supportTicket.service.ts": {"path":"C:\\Dev\\Training 2\\My revision\\TypescriptRev\\Typescript13\\src\\Tickets\\supportTicket.service.ts","statementMap":{"0":{"start":{"line":40,"column":0},"end":{"line":40,"column":31}},"1":{"start":{"line":41,"column":0},"end":{"line":41,"column":51}},"2":{"start":{"line":42,"column":0},"end":{"line":42,"column":33}},"3":{"start":{"line":45,"column":28},"end":{"line":46,"column":69}},"4":{"start":{"line":46,"column":2},"end":{"line":46,"column":69}},"5":{"start":{"line":46,"column":67},"end":{"line":46,"column":68}},"6":{"start":{"line":45,"column":13},"end":{"line":45,"column":28}},"7":{"start":{"line":49,"column":29},"end":{"line":49,"column":67}},"8":{"start":{"line":49,"column":35},"end":{"line":49,"column":67}},"9":{"start":{"line":49,"column":13},"end":{"line":49,"column":29}},"10":{"start":{"line":52,"column":32},"end":{"line":53,"column":76}},"11":{"start":{"line":53,"column":2},"end":{"line":53,"column":76}},"12":{"start":{"line":52,"column":13},"end":{"line":52,"column":32}},"13":{"start":{"line":56,"column":28},"end":{"line":76,"column":1}},"14":{"start":{"line":61,"column":2},"end":{"line":64,"column":3}},"15":{"start":{"line":62,"column":4},"end":{"line":62,"column":82}},"16":{"start":{"line":63,"column":4},"end":{"line":63,"column":16}},"17":{"start":{"line":66,"column":17},"end":{"line":70,"column":21}},"18":{"start":{"line":70,"column":19},"end":{"line":70,"column":20}},"19":{"start":{"line":72,"column":2},"end":{"line":72,"column":57}},"20":{"start":{"line":72,"column":44},"end":{"line":72,"column":57}},"21":{"start":{"line":74,"column":2},"end":{"line":74,"column":80}},"22":{"start":{"line":75,"column":2},"end":{"line":75,"column":14}},"23":{"start":{"line":56,"column":13},"end":{"line":56,"column":28}}},"fnMap":{"0":{"name":"(anonymous_1)","decl":{"start":{"line":45,"column":28},"end":{"line":45,"column":29}},"loc":{"start":{"line":46,"column":2},"end":{"line":46,"column":69}}},"1":{"name":"(anonymous_2)","decl":{"start":{"line":46,"column":58},"end":{"line":46,"column":59}},"loc":{"start":{"line":46,"column":67},"end":{"line":46,"column":68}}},"2":{"name":"(anonymous_3)","decl":{"start":{"line":49,"column":29},"end":{"line":49,"column":32}},"loc":{"start":{"line":49,"column":35},"end":{"line":49,"column":67}}},"3":{"name":"(anonymous_4)","decl":{"start":{"line":52,"column":32},"end":{"line":52,"column":33}},"loc":{"start":{"line":53,"column":2},"end":{"line":53,"column":76}}},"4":{"name":"(anonymous_5)","decl":{"start":{"line":56,"column":28},"end":{"line":56,"column":33}},"loc":{"start":{"line":60,"column":22},"end":{"line":76,"column":1}}},"5":{"name":"(anonymous_6)","decl":{"start":{"line":70,"column":10},"end":{"line":70,"column":11}},"loc":{"start":{"line":70,"column":19},"end":{"line":70,"column":20}}}},"branchMap":{"0":{"loc":{"start":{"line":61,"column":2},"end":{"line":64,"column":3}},"type":"if","locations":[{"start":{"line":61,"column":2},"end":{"line":64,"column":3}},{"start":{},"end":{}}]},"1":{"loc":{"start":{"line":72,"column":2},"end":{"line":72,"column":57}},"type":"if","locations":[{"start":{"line":72,"column":2},"end":{"line":72,"column":57}},{"start":{},"end":{}}]},"2":{"loc":{"start":{"line":72,"column":6},"end":{"line":72,"column":42}},"type":"binary-expr","locations":[{"start":{"line":72,"column":6},"end":{"line":72,"column":13}},{"start":{"line":72,"column":17},"end":{"line":72,"column":42}}]}},"s":{"0":7,"1":7,"2":7,"3":7,"4":1,"5":1,"6":7,"7":7,"8":1,"9":7,"10":7,"11":1,"12":7,"13":7,"14":3,"15":1,"16":1,"17":2,"18":2,"19":2,"20":1,"21":1,"22":1,"23":7},"f":{"0":1,"1":1,"2":1,"3":1,"4":3,"5":2},"b":{"0":[1,2],"1":[1,1],"2":[2,2]}}
,"C:\\Dev\\Training 2\\My revision\\TypescriptRev\\Typescript13\\src\\Users\\user.controller.ts": {"path":"C:\\Dev\\Training 2\\My revision\\TypescriptRev\\Typescript13\\src\\Users\\user.controller.ts","statementMap":{"0":{"start":{"line":2,"column":0},"end":{"line":2,"column":46}},"1":{"start":{"line":11,"column":27},"end":{"line":24,"column":1}},"2":{"start":{"line":12,"column":2},"end":{"line":23,"column":3}},"3":{"start":{"line":13,"column":4},"end":{"line":16,"column":5}},"4":{"start":{"line":14,"column":6},"end":{"line":14,"column":74}},"5":{"start":{"line":15,"column":6},"end":{"line":15,"column":13}},"6":{"start":{"line":18,"column":18},"end":{"line":18,"column":49}},"7":{"start":{"line":19,"column":4},"end":{"line":19,"column":20}},"8":{"start":{"line":21,"column":4},"end":{"line":21,"column":50}},"9":{"start":{"line":22,"column":4},"end":{"line":22,"column":63}},"10":{"start":{"line":11,"column":13},"end":{"line":11,"column":27}},"11":{"start":{"line":27,"column":26},"end":{"line":42,"column":1}},"12":{"start":{"line":28,"column":2},"end":{"line":41,"column":3}},"13":{"start":{"line":29,"column":19},"end":{"line":29,"column":31}},"14":{"start":{"line":31,"column":17},"end":{"line":31,"column":55}},"15":{"start":{"line":32,"column":4},"end":{"line":35,"column":5}},"16":{"start":{"line":33,"column":6},"end":{"line":33,"column":58}},"17":{"start":{"line":34,"column":6},"end":{"line":34,"column":13}},"18":{"start":{"line":37,"column":4},"end":{"line":37,"column":19}},"19":{"start":{"line":39,"column":4},"end":{"line":39,"column":57}},"20":{"start":{"line":40,"column":4},"end":{"line":40,"column":63}},"21":{"start":{"line":27,"column":13},"end":{"line":27,"column":26}},"22":{"start":{"line":45,"column":29},"end":{"line":60,"column":1}},"23":{"start":{"line":46,"column":2},"end":{"line":59,"column":3}},"24":{"start":{"line":47,"column":19},"end":{"line":47,"column":31}},"25":{"start":{"line":49,"column":24},"end":{"line":49,"column":71}},"26":{"start":{"line":50,"column":4},"end":{"line":53,"column":5}},"27":{"start":{"line":51,"column":6},"end":{"line":51,"column":58}},"28":{"start":{"line":52,"column":6},"end":{"line":52,"column":13}},"29":{"start":{"line":55,"column":4},"end":{"line":55,"column":26}},"30":{"start":{"line":57,"column":4},"end":{"line":57,"column":49}},"31":{"start":{"line":58,"column":4},"end":{"line":58,"column":63}},"32":{"start":{"line":45,"column":13},"end":{"line":45,"column":29}},"33":{"start":{"line":63,"column":26},"end":{"line":83,"column":1}},"34":{"start":{"line":64,"column":2},"end":{"line":82,"column":3}},"35":{"start":{"line":65,"column":4},"end":{"line":68,"column":5}},"36":{"start":{"line":66,"column":6},"end":{"line":66,"column":72}},"37":{"start":{"line":67,"column":6},"end":{"line":67,"column":13}},"38":{"start":{"line":70,"column":19},"end":{"line":70,"column":42}},"39":{"start":{"line":71,"column":20},"end":{"line":71,"column":56}},"40":{"start":{"line":73,"column":4},"end":{"line":76,"column":5}},"41":{"start":{"line":74,"column":6},"end":{"line":74,"column":58}},"42":{"start":{"line":75,"column":6},"end":{"line":75,"column":13}},"43":{"start":{"line":78,"column":4},"end":{"line":78,"column":55}},"44":{"start":{"line":80,"column":4},"end":{"line":80,"column":49}},"45":{"start":{"line":81,"column":4},"end":{"line":81,"column":63}},"46":{"start":{"line":63,"column":13},"end":{"line":63,"column":26}}},"fnMap":{"0":{"name":"(anonymous_9)","decl":{"start":{"line":11,"column":27},"end":{"line":11,"column":32}},"loc":{"start":{"line":11,"column":93},"end":{"line":24,"column":1}}},"1":{"name":"(anonymous_10)","decl":{"start":{"line":27,"column":26},"end":{"line":27,"column":31}},"loc":{"start":{"line":27,"column":92},"end":{"line":42,"column":1}}},"2":{"name":"(anonymous_11)","decl":{"start":{"line":45,"column":29},"end":{"line":45,"column":34}},"loc":{"start":{"line":45,"column":95},"end":{"line":60,"column":1}}},"3":{"name":"(anonymous_12)","decl":{"start":{"line":63,"column":26},"end":{"line":63,"column":31}},"loc":{"start":{"line":63,"column":92},"end":{"line":83,"column":1}}}},"branchMap":{"0":{"loc":{"start":{"line":13,"column":4},"end":{"line":16,"column":5}},"type":"if","locations":[{"start":{"line":13,"column":4},"end":{"line":16,"column":5}},{"start":{},"end":{}}]},"1":{"loc":{"start":{"line":32,"column":4},"end":{"line":35,"column":5}},"type":"if","locations":[{"start":{"line":32,"column":4},"end":{"line":35,"column":5}},{"start":{},"end":{}}]},"2":{"loc":{"start":{"line":50,"column":4},"end":{"line":53,"column":5}},"type":"if","locations":[{"start":{"line":50,"column":4},"end":{"line":53,"column":5}},{"start":{},"end":{}}]},"3":{"loc":{"start":{"line":65,"column":4},"end":{"line":68,"column":5}},"type":"if","locations":[{"start":{"line":65,"column":4},"end":{"line":68,"column":5}},{"start":{},"end":{}}]},"4":{"loc":{"start":{"line":73,"column":4},"end":{"line":76,"column":5}},"type":"if","locations":[{"start":{"line":73,"column":4},"end":{"line":76,"column":5}},{"start":{},"end":{}}]}},"s":{"0":7,"1":7,"2":2,"3":2,"4":1,"5":1,"6":1,"7":1,"8":0,"9":0,"10":7,"11":7,"12":1,"13":1,"14":1,"15":1,"16":0,"17":0,"18":1,"19":0,"20":0,"21":7,"22":7,"23":1,"24":1,"25":1,"26":1,"27":0,"28":0,"29":1,"30":0,"31":0,"32":7,"33":7,"34":2,"35":2,"36":1,"37":1,"38":1,"39":1,"40":1,"41":0,"42":0,"43":1,"44":0,"45":0,"46":7},"f":{"0":2,"1":1,"2":1,"3":2},"b":{"0":[1,1],"1":[0,1],"2":[0,1],"3":[1,1],"4":[0,1]}}
,"C:\\Dev\\Training 2\\My revision\\TypescriptRev\\Typescript13\\src\\Users\\user.routes.ts": {"path":"C:\\Dev\\Training 2\\My revision\\TypescriptRev\\Typescript13\\src\\Users\\user.routes.ts","statementMap":{"0":{"start":{"line":1,"column":0},"end":{"line":1,"column":30}},"1":{"start":{"line":2,"column":0},"end":{"line":2,"column":null}},"2":{"start":{"line":8,"column":0},"end":{"line":8,"column":61}},"3":{"start":{"line":10,"column":15},"end":{"line":10,"column":31}},"4":{"start":{"line":13,"column":0},"end":{"line":13,"column":44}},"5":{"start":{"line":16,"column":0},"end":{"line":16,"column":47}},"6":{"start":{"line":19,"column":0},"end":{"line":19,"column":43}},"7":{"start":{"line":22,"column":0},"end":{"line":22,"column":48}},"8":{"start":{"line":24,"column":0},"end":{"line":24,"column":22}}},"fnMap":{},"branchMap":{},"s":{"0":7,"1":7,"2":7,"3":7,"4":7,"5":7,"6":7,"7":7,"8":7},"f":{},"b":{}}
,"C:\\Dev\\Training 2\\My revision\\TypescriptRev\\Typescript13\\src\\Users\\user.service.ts": {"path":"C:\\Dev\\Training 2\\My revision\\TypescriptRev\\Typescript13\\src\\Users\\user.service.ts","statementMap":{"0":{"start":{"line":1,"column":0},"end":{"line":1,"column":31}},"1":{"start":{"line":2,"column":0},"end":{"line":2,"column":42}},"2":{"start":{"line":3,"column":0},"end":{"line":3,"column":33}},"3":{"start":{"line":6,"column":27},"end":{"line":8,"column":1}},"4":{"start":{"line":7,"column":2},"end":{"line":7,"column":33}},"5":{"start":{"line":6,"column":13},"end":{"line":6,"column":27}},"6":{"start":{"line":11,"column":27},"end":{"line":17,"column":1}},"7":{"start":{"line":12,"column":2},"end":{"line":16,"column":28}},"8":{"start":{"line":16,"column":22},"end":{"line":16,"column":26}},"9":{"start":{"line":11,"column":13},"end":{"line":11,"column":27}},"10":{"start":{"line":20,"column":26},"end":{"line":27,"column":1}},"11":{"start":{"line":21,"column":2},"end":{"line":26,"column":28}},"12":{"start":{"line":26,"column":22},"end":{"line":26,"column":26}},"13":{"start":{"line":20,"column":13},"end":{"line":20,"column":26}},"14":{"start":{"line":30,"column":26},"end":{"line":35,"column":1}},"15":{"start":{"line":31,"column":2},"end":{"line":34,"column":70}},"16":{"start":{"line":34,"column":20},"end":{"line":34,"column":67}},"17":{"start":{"line":30,"column":13},"end":{"line":30,"column":26}}},"fnMap":{"0":{"name":"(anonymous_1)","decl":{"start":{"line":6,"column":27},"end":{"line":6,"column":30}},"loc":{"start":{"line":6,"column":32},"end":{"line":8,"column":1}}},"1":{"name":"(anonymous_2)","decl":{"start":{"line":11,"column":27},"end":{"line":11,"column":28}},"loc":{"start":{"line":11,"column":46},"end":{"line":17,"column":1}}},"2":{"name":"(anonymous_3)","decl":{"start":{"line":16,"column":10},"end":{"line":16,"column":11}},"loc":{"start":{"line":16,"column":22},"end":{"line":16,"column":26}}},"3":{"name":"(anonymous_4)","decl":{"start":{"line":20,"column":26},"end":{"line":20,"column":27}},"loc":{"start":{"line":20,"column":87},"end":{"line":27,"column":1}}},"4":{"name":"(anonymous_5)","decl":{"start":{"line":26,"column":10},"end":{"line":26,"column":11}},"loc":{"start":{"line":26,"column":22},"end":{"line":26,"column":26}}},"5":{"name":"(anonymous_6)","decl":{"start":{"line":30,"column":26},"end":{"line":30,"column":27}},"loc":{"start":{"line":30,"column":45},"end":{"line":35,"column":1}}},"6":{"name":"(anonymous_7)","decl":{"start":{"line":34,"column":10},"end":{"line":34,"column":11}},"loc":{"start":{"line":34,"column":20},"end":{"line":34,"column":67}}}},"branchMap":{"0":{"loc":{"start":{"line":34,"column":20},"end":{"line":34,"column":67}},"type":"cond-expr","locations":[{"start":{"line":34,"column":43},"end":{"line":34,"column":59}},{"start":{"line":34,"column":62},"end":{"line":34,"column":67}}]}},"s":{"0":7,"1":7,"2":7,"3":7,"4":1,"5":7,"6":7,"7":1,"8":1,"9":7,"10":7,"11":1,"12":1,"13":7,"14":7,"15":1,"16":1,"17":7},"f":{"0":1,"1":1,"2":1,"3":1,"4":1,"5":1,"6":1},"b":{"0":[1,0]}}
,"C:\\Dev\\Training 2\\My revision\\TypescriptRev\\Typescript13\\src\\Venues\\venue.controller.ts": {"path":"C:\\Dev\\Training 2\\My revision\\TypescriptRev\\Typescript13\\src\\Venues\\venue.controller.ts","statementMap":{"0":{"start":{"line":2,"column":0},"end":{"line":2,"column":48}},"1":{"start":{"line":11,"column":27},"end":{"line":24,"column":1}},"2":{"start":{"line":12,"column":2},"end":{"line":23,"column":3}},"3":{"start":{"line":13,"column":4},"end":{"line":16,"column":5}},"4":{"start":{"line":14,"column":6},"end":{"line":14,"column":73}},"5":{"start":{"line":15,"column":6},"end":{"line":15,"column":13}},"6":{"start":{"line":18,"column":21},"end":{"line":18,"column":61}},"7":{"start":{"line":19,"column":4},"end":{"line":19,"column":35}},"8":{"start":{"line":21,"column":4},"end":{"line":21,"column":48}},"9":{"start":{"line":22,"column":4},"end":{"line":22,"column":63}},"10":{"start":{"line":11,"column":13},"end":{"line":11,"column":27}},"11":{"start":{"line":27,"column":25},"end":{"line":35,"column":1}},"12":{"start":{"line":28,"column":2},"end":{"line":34,"column":3}},"13":{"start":{"line":29,"column":19},"end":{"line":29,"column":52}},"14":{"start":{"line":30,"column":4},"end":{"line":30,"column":21}},"15":{"start":{"line":32,"column":4},"end":{"line":32,"column":48}},"16":{"start":{"line":33,"column":4},"end":{"line":33,"column":63}},"17":{"start":{"line":27,"column":13},"end":{"line":27,"column":25}},"18":{"start":{"line":38,"column":27},"end":{"line":58,"column":1}},"19":{"start":{"line":39,"column":2},"end":{"line":57,"column":3}},"20":{"start":{"line":40,"column":4},"end":{"line":43,"column":5}},"21":{"start":{"line":41,"column":6},"end":{"line":41,"column":73}},"22":{"start":{"line":42,"column":6},"end":{"line":42,"column":13}},"23":{"start":{"line":45,"column":20},"end":{"line":45,"column":43}},"24":{"start":{"line":46,"column":25},"end":{"line":46,"column":74}},"25":{"start":{"line":48,"column":4},"end":{"line":51,"column":5}},"26":{"start":{"line":49,"column":6},"end":{"line":49,"column":59}},"27":{"start":{"line":50,"column":6},"end":{"line":50,"column":13}},"28":{"start":{"line":53,"column":4},"end":{"line":53,"column":27}},"29":{"start":{"line":55,"column":4},"end":{"line":55,"column":48}},"30":{"start":{"line":56,"column":4},"end":{"line":56,"column":63}},"31":{"start":{"line":38,"column":13},"end":{"line":38,"column":27}},"32":{"start":{"line":61,"column":27},"end":{"line":81,"column":1}},"33":{"start":{"line":62,"column":2},"end":{"line":80,"column":3}},"34":{"start":{"line":63,"column":4},"end":{"line":66,"column":5}},"35":{"start":{"line":64,"column":6},"end":{"line":64,"column":73}},"36":{"start":{"line":65,"column":6},"end":{"line":65,"column":13}},"37":{"start":{"line":68,"column":20},"end":{"line":68,"column":43}},"38":{"start":{"line":69,"column":20},"end":{"line":69,"column":59}},"39":{"start":{"line":71,"column":4},"end":{"line":74,"column":5}},"40":{"start":{"line":72,"column":6},"end":{"line":72,"column":78}},"41":{"start":{"line":73,"column":6},"end":{"line":73,"column":13}},"42":{"start":{"line":76,"column":4},"end":{"line":76,"column":56}},"43":{"start":{"line":78,"column":4},"end":{"line":78,"column":48}},"44":{"start":{"line":79,"column":4},"end":{"line":79,"column":63}},"45":{"start":{"line":61,"column":13},"end":{"line":61,"column":27}}},"fnMap":{"0":{"name":"(anonymous_9)","decl":{"start":{"line":11,"column":27},"end":{"line":11,"column":32}},"loc":{"start":{"line":11,"column":93},"end":{"line":24,"column":1}}},"1":{"name":"(anonymous_10)","decl":{"start":{"line":27,"column":25},"end":{"line":27,"column":30}},"loc":{"start":{"line":27,"column":78},"end":{"line":35,"column":1}}},"2":{"name":"(anonymous_11)","decl":{"start":{"line":38,"column":27},"end":{"line":38,"column":32}},"loc":{"start":{"line":38,"column":93},"end":{"line":58,"column":1}}},"3":{"name":"(anonymous_12)","decl":{"start":{"line":61,"column":27},"end":{"line":61,"column":32}},"loc":{"start":{"line":61,"column":93},"end":{"line":81,"column":1}}}},"branchMap":{"0":{"loc":{"start":{"line":13,"column":4},"end":{"line":16,"column":5}},"type":"if","locations":[{"start":{"line":13,"column":4},"end":{"line":16,"column":5}},{"start":{},"end":{}}]},"1":{"loc":{"start":{"line":40,"column":4},"end":{"line":43,"column":5}},"type":"if","locations":[{"start":{"line":40,"column":4},"end":{"line":43,"column":5}},{"start":{},"end":{}}]},"2":{"loc":{"start":{"line":48,"column":4},"end":{"line":51,"column":5}},"type":"if","locations":[{"start":{"line":48,"column":4},"end":{"line":51,"column":5}},{"start":{},"end":{}}]},"3":{"loc":{"start":{"line":63,"column":4},"end":{"line":66,"column":5}},"type":"if","locations":[{"start":{"line":63,"column":4},"end":{"line":66,"column":5}},{"start":{},"end":{}}]},"4":{"loc":{"start":{"line":71,"column":4},"end":{"line":74,"column":5}},"type":"if","locations":[{"start":{"line":71,"column":4},"end":{"line":74,"column":5}},{"start":{},"end":{}}]}},"s":{"0":7,"1":7,"2":2,"3":2,"4":1,"5":1,"6":1,"7":1,"8":0,"9":0,"10":7,"11":7,"12":1,"13":1,"14":1,"15":0,"16":0,"17":7,"18":7,"19":2,"20":2,"21":0,"22":0,"23":2,"24":2,"25":2,"26":1,"27":1,"28":1,"29":0,"30":0,"31":7,"32":7,"33":2,"34":2,"35":0,"36":0,"37":2,"38":2,"39":2,"40":1,"41":1,"42":1,"43":0,"44":0,"45":7},"f":{"0":2,"1":1,"2":2,"3":2},"b":{"0":[1,1],"1":[0,2],"2":[1,1],"3":[0,2],"4":[1,1]}}
,"C:\\Dev\\Training 2\\My revision\\TypescriptRev\\Typescript13\\src\\Venues\\venue.routes.ts": {"path":"C:\\Dev\\Training 2\\My revision\\TypescriptRev\\Typescript13\\src\\Venues\\venue.routes.ts","statementMap":{"0":{"start":{"line":1,"column":0},"end":{"line":1,"column":30}},"1":{"start":{"line":2,"column":0},"end":{"line":2,"column":null}},"2":{"start":{"line":8,"column":0},"end":{"line":8,"column":61}},"3":{"start":{"line":10,"column":15},"end":{"line":10,"column":31}},"4":{"start":{"line":13,"column":0},"end":{"line":13,"column":27}},"5":{"start":{"line":16,"column":0},"end":{"line":16,"column":44}},"6":{"start":{"line":17,"column":0},"end":{"line":17,"column":46}},"7":{"start":{"line":18,"column":0},"end":{"line":18,"column":49}},"8":{"start":{"line":20,"column":0},"end":{"line":20,"column":22}}},"fnMap":{},"branchMap":{},"s":{"0":7,"1":7,"2":7,"3":7,"4":7,"5":7,"6":7,"7":7,"8":7},"f":{},"b":{}}
,"C:\\Dev\\Training 2\\My revision\\TypescriptRev\\Typescript13\\src\\Venues\\venue.service.ts": {"path":"C:\\Dev\\Training 2\\My revision\\TypescriptRev\\Typescript13\\src\\Venues\\venue.service.ts","statementMap":{"0":{"start":{"line":1,"column":0},"end":{"line":1,"column":31}},"1":{"start":{"line":2,"column":0},"end":{"line":2,"column":43}},"2":{"start":{"line":3,"column":0},"end":{"line":3,"column":33}},"3":{"start":{"line":6,"column":28},"end":{"line":6,"column":58}},"4":{"start":{"line":6,"column":34},"end":{"line":6,"column":58}},"5":{"start":{"line":6,"column":13},"end":{"line":6,"column":28}},"6":{"start":{"line":9,"column":27},"end":{"line":10,"column":61}},"7":{"start":{"line":10,"column":2},"end":{"line":10,"column":61}},"8":{"start":{"line":10,"column":59},"end":{"line":10,"column":60}},"9":{"start":{"line":9,"column":13},"end":{"line":9,"column":27}},"10":{"start":{"line":13,"column":27},"end":{"line":16,"column":1}},"11":{"start":{"line":14,"column":17},"end":{"line":14,"column":86}},"12":{"start":{"line":15,"column":2},"end":{"line":15,"column":48}},"13":{"start":{"line":13,"column":13},"end":{"line":13,"column":27}},"14":{"start":{"line":19,"column":27},"end":{"line":22,"column":1}},"15":{"start":{"line":20,"column":17},"end":{"line":20,"column":76}},"16":{"start":{"line":21,"column":2},"end":{"line":21,"column":48}},"17":{"start":{"line":19,"column":13},"end":{"line":19,"column":27}}},"fnMap":{"0":{"name":"(anonymous_1)","decl":{"start":{"line":6,"column":28},"end":{"line":6,"column":31}},"loc":{"start":{"line":6,"column":34},"end":{"line":6,"column":58}}},"1":{"name":"(anonymous_2)","decl":{"start":{"line":9,"column":27},"end":{"line":9,"column":28}},"loc":{"start":{"line":10,"column":2},"end":{"line":10,"column":61}}},"2":{"name":"(anonymous_3)","decl":{"start":{"line":10,"column":50},"end":{"line":10,"column":51}},"loc":{"start":{"line":10,"column":59},"end":{"line":10,"column":60}}},"3":{"name":"(anonymous_4)","decl":{"start":{"line":13,"column":27},"end":{"line":13,"column":32}},"loc":{"start":{"line":13,"column":96},"end":{"line":16,"column":1}}},"4":{"name":"(anonymous_5)","decl":{"start":{"line":19,"column":27},"end":{"line":19,"column":32}},"loc":{"start":{"line":19,"column":53},"end":{"line":22,"column":1}}}},"branchMap":{"0":{"loc":{"start":{"line":15,"column":9},"end":{"line":15,"column":47}},"type":"binary-expr","locations":[{"start":{"line":15,"column":9},"end":{"line":15,"column":24}},{"start":{"line":15,"column":28},"end":{"line":15,"column":47}}]},"1":{"loc":{"start":{"line":21,"column":9},"end":{"line":21,"column":47}},"type":"binary-expr","locations":[{"start":{"line":21,"column":9},"end":{"line":21,"column":24}},{"start":{"line":21,"column":28},"end":{"line":21,"column":47}}]}},"s":{"0":7,"1":7,"2":7,"3":7,"4":0,"5":7,"6":7,"7":0,"8":0,"9":7,"10":7,"11":0,"12":0,"13":7,"14":7,"15":0,"16":0,"17":7},"f":{"0":0,"1":0,"2":0,"3":0,"4":0},"b":{"0":[0,0],"1":[0,0]}}
,"C:\\Dev\\Training 2\\My revision\\TypescriptRev\\Typescript13\\src\\middleware\\auth.middleware.ts": {"path":"C:\\Dev\\Training 2\\My revision\\TypescriptRev\\Typescript13\\src\\middleware\\auth.middleware.ts","statementMap":{"0":{"start":{"line":2,"column":0},"end":{"line":2,"column":47}},"1":{"start":{"line":3,"column":0},"end":{"line":3,"column":28}},"2":{"start":{"line":5,"column":0},"end":{"line":5,"column":16}},"3":{"start":{"line":7,"column":19},"end":{"line":7,"column":41}},"4":{"start":{"line":9,"column":0},"end":{"line":11,"column":1}},"5":{"start":{"line":10,"column":2},"end":{"line":10,"column":50}},"6":{"start":{"line":23,"column":28},"end":{"line":44,"column":1}},"7":{"start":{"line":28,"column":21},"end":{"line":28,"column":46}},"8":{"start":{"line":30,"column":2},"end":{"line":33,"column":3}},"9":{"start":{"line":31,"column":4},"end":{"line":31,"column":54}},"10":{"start":{"line":32,"column":4},"end":{"line":32,"column":11}},"11":{"start":{"line":35,"column":16},"end":{"line":35,"column":40}},"12":{"start":{"line":37,"column":2},"end":{"line":43,"column":3}},"13":{"start":{"line":38,"column":20},"end":{"line":38,"column":49}},"14":{"start":{"line":39,"column":4},"end":{"line":39,"column":55}},"15":{"start":{"line":40,"column":4},"end":{"line":40,"column":11}},"16":{"start":{"line":42,"column":4},"end":{"line":42,"column":66}},"17":{"start":{"line":23,"column":13},"end":{"line":23,"column":28}},"18":{"start":{"line":47,"column":29},"end":{"line":55,"column":1}},"19":{"start":{"line":48,"column":2},"end":{"line":54,"column":4}},"20":{"start":{"line":49,"column":4},"end":{"line":52,"column":5}},"21":{"start":{"line":50,"column":6},"end":{"line":50,"column":79}},"22":{"start":{"line":51,"column":6},"end":{"line":51,"column":13}},"23":{"start":{"line":53,"column":4},"end":{"line":53,"column":11}},"24":{"start":{"line":47,"column":13},"end":{"line":47,"column":29}}},"fnMap":{"0":{"name":"(anonymous_1)","decl":{"start":{"line":23,"column":28},"end":{"line":23,"column":null}},"loc":{"start":{"line":27,"column":10},"end":{"line":44,"column":1}}},"1":{"name":"(anonymous_2)","decl":{"start":{"line":47,"column":29},"end":{"line":47,"column":30}},"loc":{"start":{"line":47,"column":56},"end":{"line":55,"column":1}}},"2":{"name":"(anonymous_3)","decl":{"start":{"line":48,"column":9},"end":{"line":48,"column":10}},"loc":{"start":{"line":48,"column":80},"end":{"line":54,"column":3}}}},"branchMap":{"0":{"loc":{"start":{"line":9,"column":0},"end":{"line":11,"column":1}},"type":"if","locations":[{"start":{"line":9,"column":0},"end":{"line":11,"column":1}},{"start":{},"end":{}}]},"1":{"loc":{"start":{"line":30,"column":2},"end":{"line":33,"column":3}},"type":"if","locations":[{"start":{"line":30,"column":2},"end":{"line":33,"column":3}},{"start":{},"end":{}}]},"2":{"loc":{"start":{"line":30,"column":6},"end":{"line":30,"column":54}},"type":"binary-expr","locations":[{"start":{"line":30,"column":6},"end":{"line":30,"column":17}},{"start":{"line":30,"column":21},"end":{"line":30,"column":54}}]},"3":{"loc":{"start":{"line":49,"column":4},"end":{"line":52,"column":5}},"type":"if","locations":[{"start":{"line":49,"column":4},"end":{"line":52,"column":5}},{"start":{},"end":{}}]},"4":{"loc":{"start":{"line":49,"column":8},"end":{"line":49,"column":43}},"type":"binary-expr","locations":[{"start":{"line":49,"column":8},"end":{"line":49,"column":17}},{"start":{"line":49,"column":21},"end":{"line":49,"column":43}}]}},"s":{"0":6,"1":6,"2":6,"3":6,"4":6,"5":0,"6":6,"7":30,"8":30,"9":2,"10":2,"11":28,"12":28,"13":28,"14":28,"15":28,"16":0,"17":6,"18":6,"19":0,"20":0,"21":0,"22":0,"23":0,"24":6},"f":{"0":30,"1":0,"2":0},"b":{"0":[0,6],"1":[2,28],"2":[30,28],"3":[0,0],"4":[0,0]}}
}
