TN:
SF:src\index.ts
FN:27,(anonymous_1)
FNF:1
FNH:1
FNDA:4,(anonymous_1)
DA:1,4
DA:2,4
DA:4,4
DA:5,4
DA:6,4
DA:7,4
DA:8,4
DA:9,4
DA:10,4
DA:11,4
DA:13,4
DA:15,4
DA:17,4
DA:18,4
DA:19,4
DA:20,4
DA:21,4
DA:22,4
DA:23,4
DA:25,4
DA:27,4
DA:28,4
DA:32,4
LF:23
LH:23
BRDA:25,0,0,4
BRDA:25,0,1,4
BRF:2
BRH:2
end_of_record
TN:
SF:src\Auth\auth.controller.ts
FN:33,(anonymous_0)
FN:43,(anonymous_1)
FNF:2
FNH:0
FNDA:0,(anonymous_0)
FNDA:0,(anonymous_1)
DA:30,4
DA:33,4
DA:34,0
DA:35,0
DA:36,0
DA:38,0
DA:43,4
DA:44,0
DA:45,0
DA:46,0
DA:47,0
DA:49,0
LF:12
LH:3
BRF:0
BRH:0
end_of_record
TN:
SF:src\Auth\auth.routes.ts
FNF:0
FNH:0
DA:13,4
DA:14,4
DA:16,4
DA:19,4
DA:22,4
DA:24,4
LF:6
LH:6
BRF:0
BRH:0
end_of_record
TN:
SF:src\Auth\auth.service.ts
FN:123,(anonymous_1)
FN:180,(anonymous_2)
FNF:2
FNH:0
FNDA:0,(anonymous_1)
FNDA:0,(anonymous_2)
DA:106,4
DA:107,4
DA:108,4
DA:109,4
DA:110,4
DA:111,4
DA:112,4
DA:114,4
DA:116,4
DA:118,4
DA:119,0
DA:123,4
DA:134,0
DA:136,0
DA:137,0
DA:140,0
DA:142,0
DA:155,0
DA:156,0
DA:159,0
DA:161,0
DA:167,0
DA:180,4
DA:184,0
DA:186,0
DA:187,0
DA:190,0
DA:191,0
DA:192,0
DA:195,0
DA:201,0
LF:31
LH:12
BRDA:118,0,0,0
BRDA:118,0,1,4
BRDA:134,1,0,0
BRDA:134,1,1,0
BRDA:136,2,0,0
BRDA:136,2,1,0
BRDA:136,3,0,0
BRDA:136,3,1,0
BRDA:149,4,0,0
BRDA:149,4,1,0
BRDA:150,5,0,0
BRDA:150,5,1,0
BRDA:155,6,0,0
BRDA:155,6,1,0
BRDA:155,7,0,0
BRDA:155,7,1,0
BRDA:186,8,0,0
BRDA:186,8,1,0
BRDA:186,9,0,0
BRDA:186,9,1,0
BRDA:191,10,0,0
BRDA:191,10,1,0
BRF:22
BRH:1
end_of_record
TN:
SF:src\Auth\email.ts
FN:15,(anonymous_1)
FN:24,(anonymous_2)
FNF:2
FNH:0
FNDA:0,(anonymous_1)
FNDA:0,(anonymous_2)
DA:1,4
DA:2,4
DA:4,4
DA:6,4
DA:15,4
DA:16,0
DA:24,4
DA:25,0
DA:27,0
LF:9
LH:6
BRF:0
BRH:0
end_of_record
TN:
SF:src\Bookings\booking.controller.ts
FN:10,(anonymous_9)
FN:27,(anonymous_10)
FN:47,(anonymous_11)
FNF:3
FNH:3
FNDA:1,(anonymous_9)
FNDA:2,(anonymous_10)
FNDA:2,(anonymous_11)
DA:2,4
DA:10,4
DA:14,1
DA:15,1
DA:16,1
DA:18,1
DA:19,1
DA:21,0
DA:22,0
DA:27,4
DA:31,2
DA:32,2
DA:33,1
DA:34,1
DA:36,1
DA:37,1
DA:38,1
DA:41,0
DA:42,0
DA:47,4
DA:51,2
DA:52,2
DA:53,2
DA:54,2
DA:56,2
DA:58,2
DA:59,1
DA:61,1
DA:64,0
DA:65,0
LF:30
LH:24
BRDA:32,0,0,1
BRDA:32,0,1,1
BRDA:58,1,0,1
BRDA:58,1,1,1
BRF:4
BRH:4
end_of_record
TN:
SF:src\Bookings\booking.routes.ts
FNF:0
FNH:0
DA:1,4
DA:2,4
DA:7,4
DA:9,4
DA:12,4
DA:15,4
DA:18,4
DA:20,4
LF:8
LH:8
BRF:0
BRH:0
end_of_record
TN:
SF:src\Bookings\booking.service.ts
FN:5,(anonymous_1)
FN:6,(anonymous_2)
FN:9,(anonymous_3)
FN:12,(anonymous_4)
FN:16,(anonymous_5)
FN:31,(anonymous_6)
FNF:6
FNH:6
FNDA:1,(anonymous_1)
FNDA:1,(anonymous_2)
FNDA:1,(anonymous_3)
FNDA:1,(anonymous_4)
FNDA:2,(anonymous_5)
FNDA:2,(anonymous_6)
DA:1,4
DA:2,4
DA:3,4
DA:5,4
DA:6,1
DA:9,4
DA:12,4
DA:13,1
DA:16,4
DA:21,2
DA:22,0
DA:23,0
DA:27,2
DA:31,2
DA:33,2
DA:34,1
DA:37,1
DA:38,1
LF:18
LH:16
BRDA:21,0,0,0
BRDA:21,0,1,2
BRDA:33,1,0,1
BRDA:33,1,1,1
BRDA:33,2,0,2
BRDA:33,2,1,1
BRF:6
BRH:5
end_of_record
TN:
SF:src\Drizzle\db.ts
FN:11,(anonymous_9)
FN:14,(anonymous_10)
FN:16,(anonymous_11)
FNF:3
FNH:2
FNDA:4,(anonymous_9)
FNDA:4,(anonymous_10)
FNDA:0,(anonymous_11)
DA:1,4
DA:3,4
DA:4,4
DA:5,4
DA:7,4
DA:11,4
DA:12,4
DA:14,4
DA:15,4
DA:17,0
DA:21,4
DA:23,4
LF:12
LH:11
BRF:0
BRH:0
end_of_record
TN:
SF:src\Drizzle\schema.ts
FN:37,(anonymous_0)
FN:51,(anonymous_1)
FN:52,(anonymous_2)
FN:62,(anonymous_3)
FN:64,(anonymous_4)
FN:78,(anonymous_5)
FN:91,(anonymous_6)
FN:97,(anonymous_7)
FN:102,(anonymous_8)
FN:111,(anonymous_9)
FN:127,(anonymous_10)
FN:140,(anonymous_11)
FNF:12
FNH:6
FNDA:0,(anonymous_0)
FNDA:0,(anonymous_1)
FNDA:0,(anonymous_2)
FNDA:0,(anonymous_3)
FNDA:0,(anonymous_4)
FNDA:0,(anonymous_5)
FNDA:4,(anonymous_6)
FNDA:4,(anonymous_7)
FNDA:4,(anonymous_8)
FNDA:4,(anonymous_9)
FNDA:4,(anonymous_10)
FNDA:4,(anonymous_11)
DA:1,4
DA:2,4
DA:5,4
DA:6,4
DA:7,4
DA:10,4
DA:24,4
DA:33,4
DA:37,0
DA:49,4
DA:51,0
DA:52,0
DA:61,4
DA:62,0
DA:64,0
DA:76,4
DA:78,0
DA:91,4
DA:97,4
DA:102,4
DA:111,4
DA:127,4
DA:140,4
LF:23
LH:17
BRF:0
BRH:0
end_of_record
TN:
SF:src\Events\event.controller.ts
FN:10,(anonymous_9)
FN:26,(anonymous_10)
FN:37,(anonymous_11)
FN:57,(anonymous_12)
FNF:4
FNH:4
FNDA:2,(anonymous_9)
FNDA:1,(anonymous_10)
FNDA:1,(anonymous_11)
FNDA:2,(anonymous_12)
DA:2,4
DA:10,4
DA:11,2
DA:12,2
DA:13,1
DA:14,1
DA:17,1
DA:18,1
DA:20,0
DA:21,0
DA:26,4
DA:27,1
DA:28,1
DA:29,1
DA:31,0
DA:32,0
DA:37,4
DA:38,1
DA:39,1
DA:40,0
DA:41,0
DA:44,1
DA:45,1
DA:46,0
DA:48,1
DA:51,0
DA:52,0
DA:57,4
DA:58,2
DA:59,2
DA:60,0
DA:61,0
DA:64,2
DA:65,2
DA:66,1
DA:68,1
DA:71,0
DA:72,0
LF:38
LH:25
BRDA:12,0,0,1
BRDA:12,0,1,1
BRDA:39,1,0,0
BRDA:39,1,1,1
BRDA:45,2,0,0
BRDA:45,2,1,1
BRDA:59,3,0,0
BRDA:59,3,1,2
BRDA:65,4,0,1
BRDA:65,4,1,1
BRF:10
BRH:7
end_of_record
TN:
SF:src\Events\event.routes.ts
FNF:0
FNH:0
DA:1,4
DA:2,4
DA:8,4
DA:10,4
DA:13,4
DA:16,4
DA:17,4
DA:18,4
DA:20,4
LF:9
LH:9
BRF:0
BRH:0
end_of_record
TN:
SF:src\Events\event.service.ts
FN:6,(anonymous_1)
FN:7,(anonymous_2)
FN:10,(anonymous_3)
FN:13,(anonymous_4)
FN:20,(anonymous_5)
FNF:5
FNH:5
FNDA:1,(anonymous_1)
FNDA:1,(anonymous_2)
FNDA:1,(anonymous_3)
FNDA:1,(anonymous_4)
FNDA:2,(anonymous_5)
DA:1,4
DA:2,4
DA:3,4
DA:6,4
DA:7,1
DA:10,4
DA:13,4
DA:14,1
DA:15,1
DA:20,4
DA:21,2
DA:22,2
LF:12
LH:12
BRDA:22,0,0,2
BRDA:22,0,1,0
BRF:2
BRH:1
end_of_record
TN:
SF:src\Payments\payment.controller.ts
FN:10,(anonymous_9)
FN:22,(anonymous_10)
FNF:2
FNH:0
FNDA:0,(anonymous_9)
FNDA:0,(anonymous_10)
DA:2,4
DA:10,4
DA:11,0
DA:12,0
DA:13,0
DA:14,0
DA:16,0
DA:17,0
DA:22,4
DA:26,0
DA:27,0
DA:28,0
DA:29,0
DA:31,0
DA:32,0
DA:33,0
DA:36,0
DA:37,0
LF:18
LH:3
BRDA:27,0,0,0
BRDA:27,0,1,0
BRF:2
BRH:0
end_of_record
TN:
SF:src\Payments\payment.routes.ts
FNF:0
FNH:0
DA:1,4
DA:2,4
DA:6,4
DA:8,4
DA:10,4
DA:11,4
DA:13,4
LF:7
LH:7
BRF:0
BRH:0
end_of_record
TN:
SF:src\Payments\payment.service.ts
FN:5,(anonymous_1)
FN:35,(anonymous_2)
FN:38,(anonymous_3)
FNF:3
FNH:0
FNDA:0,(anonymous_1)
FNDA:0,(anonymous_2)
FNDA:0,(anonymous_3)
DA:1,4
DA:2,4
DA:3,4
DA:5,4
DA:9,0
DA:10,0
DA:13,0
DA:23,0
DA:25,0
DA:30,0
DA:35,4
DA:38,4
DA:39,0
LF:13
LH:6
BRDA:9,0,0,0
BRDA:9,0,1,0
BRDA:9,1,0,0
BRDA:9,1,1,0
BRDA:23,2,0,0
BRDA:23,2,1,0
BRF:6
BRH:0
end_of_record
TN:
SF:src\Tickets\supportTicket.controller.ts
FN:69,(anonymous_9)
FN:82,(anonymous_10)
FN:99,(anonymous_11)
FNF:3
FNH:1
FNDA:1,(anonymous_9)
FNDA:0,(anonymous_10)
FNDA:0,(anonymous_11)
DA:61,4
DA:69,4
DA:70,1
DA:71,1
DA:72,1
DA:73,1
DA:74,0
DA:76,1
DA:77,1
DA:82,4
DA:83,0
DA:84,0
DA:85,0
DA:86,0
DA:88,0
DA:89,0
DA:90,0
DA:93,0
DA:94,0
DA:99,4
DA:100,0
DA:101,0
DA:102,0
DA:103,0
DA:105,0
DA:107,0
DA:108,0
DA:110,0
DA:113,0
DA:114,0
LF:30
LH:10
BRDA:84,0,0,0
BRDA:84,0,1,0
BRDA:107,1,0,0
BRDA:107,1,1,0
BRF:4
BRH:0
end_of_record
TN:
SF:src\Tickets\supportTicket.routes.ts
FNF:0
FNH:0
DA:1,4
DA:2,4
DA:7,4
DA:9,4
DA:12,4
DA:15,4
DA:18,4
DA:20,4
LF:8
LH:8
BRF:0
BRH:0
end_of_record
TN:
SF:src\Tickets\supportTicket.service.ts
FN:45,(anonymous_1)
FN:46,(anonymous_2)
FN:49,(anonymous_3)
FN:52,(anonymous_4)
FN:56,(anonymous_5)
FN:70,(anonymous_6)
FNF:6
FNH:1
FNDA:1,(anonymous_1)
FNDA:0,(anonymous_2)
FNDA:0,(anonymous_3)
FNDA:0,(anonymous_4)
FNDA:0,(anonymous_5)
FNDA:0,(anonymous_6)
DA:40,4
DA:41,4
DA:42,4
DA:45,4
DA:46,1
DA:49,4
DA:52,4
DA:53,0
DA:56,4
DA:61,0
DA:62,0
DA:63,0
DA:66,0
DA:70,0
DA:72,0
DA:74,0
DA:75,0
LF:17
LH:8
BRDA:61,0,0,0
BRDA:61,0,1,0
BRDA:72,1,0,0
BRDA:72,1,1,0
BRDA:72,2,0,0
BRDA:72,2,1,0
BRF:6
BRH:0
end_of_record
TN:
SF:src\Users\user.controller.ts
FN:11,(anonymous_9)
FN:27,(anonymous_10)
FN:45,(anonymous_11)
FN:63,(anonymous_12)
FNF:4
FNH:4
FNDA:2,(anonymous_9)
FNDA:1,(anonymous_10)
FNDA:1,(anonymous_11)
FNDA:2,(anonymous_12)
DA:2,4
DA:11,4
DA:12,2
DA:13,2
DA:14,1
DA:15,1
DA:18,1
DA:19,1
DA:21,0
DA:22,0
DA:27,4
DA:28,1
DA:29,1
DA:31,1
DA:32,1
DA:33,0
DA:34,0
DA:37,1
DA:39,0
DA:40,0
DA:45,4
DA:46,1
DA:47,1
DA:49,1
DA:50,1
DA:51,1
DA:52,1
DA:55,0
DA:57,0
DA:58,0
DA:63,4
DA:64,2
DA:65,2
DA:66,1
DA:67,1
DA:70,1
DA:71,1
DA:73,1
DA:74,0
DA:75,0
DA:78,1
DA:80,0
DA:81,0
LF:43
LH:30
BRDA:13,0,0,1
BRDA:13,0,1,1
BRDA:32,1,0,0
BRDA:32,1,1,1
BRDA:50,2,0,1
BRDA:50,2,1,0
BRDA:65,3,0,1
BRDA:65,3,1,1
BRDA:73,4,0,0
BRDA:73,4,1,1
BRF:10
BRH:7
end_of_record
TN:
SF:src\Users\user.routes.ts
FNF:0
FNH:0
DA:1,4
DA:2,4
DA:8,4
DA:10,4
DA:13,4
DA:16,4
DA:19,4
DA:22,4
DA:24,4
LF:9
LH:9
BRF:0
BRH:0
end_of_record
TN:
SF:src\Users\user.service.ts
FN:6,(anonymous_1)
FN:11,(anonymous_2)
FN:16,(anonymous_3)
FN:20,(anonymous_4)
FN:26,(anonymous_5)
FN:30,(anonymous_6)
FN:34,(anonymous_7)
FNF:7
FNH:7
FNDA:1,(anonymous_1)
FNDA:1,(anonymous_2)
FNDA:1,(anonymous_3)
FNDA:1,(anonymous_4)
FNDA:1,(anonymous_5)
FNDA:1,(anonymous_6)
FNDA:1,(anonymous_7)
DA:1,4
DA:2,4
DA:3,4
DA:6,4
DA:7,1
DA:11,4
DA:12,1
DA:16,1
DA:20,4
DA:21,1
DA:26,1
DA:30,4
DA:31,1
DA:34,1
LF:14
LH:14
BRDA:34,0,0,1
BRDA:34,0,1,0
BRF:2
BRH:1
end_of_record
TN:
SF:src\Venues\venue.controller.ts
FN:11,(anonymous_9)
FN:27,(anonymous_10)
FN:38,(anonymous_11)
FN:61,(anonymous_12)
FNF:4
FNH:0
FNDA:0,(anonymous_9)
FNDA:0,(anonymous_10)
FNDA:0,(anonymous_11)
FNDA:0,(anonymous_12)
DA:2,4
DA:11,4
DA:12,0
DA:13,0
DA:14,0
DA:15,0
DA:18,0
DA:19,0
DA:21,0
DA:22,0
DA:27,4
DA:28,0
DA:29,0
DA:30,0
DA:32,0
DA:33,0
DA:38,4
DA:39,0
DA:40,0
DA:41,0
DA:42,0
DA:45,0
DA:46,0
DA:48,0
DA:49,0
DA:50,0
DA:53,0
DA:55,0
DA:56,0
DA:61,4
DA:62,0
DA:63,0
DA:64,0
DA:65,0
DA:68,0
DA:69,0
DA:71,0
DA:72,0
DA:73,0
DA:76,0
DA:78,0
DA:79,0
LF:42
LH:5
BRDA:13,0,0,0
BRDA:13,0,1,0
BRDA:40,1,0,0
BRDA:40,1,1,0
BRDA:48,2,0,0
BRDA:48,2,1,0
BRDA:63,3,0,0
BRDA:63,3,1,0
BRDA:71,4,0,0
BRDA:71,4,1,0
BRF:10
BRH:0
end_of_record
TN:
SF:src\Venues\venue.routes.ts
FNF:0
FNH:0
DA:1,4
DA:2,4
DA:8,4
DA:10,4
DA:13,4
DA:16,4
DA:17,4
DA:18,4
DA:20,4
LF:9
LH:9
BRF:0
BRH:0
end_of_record
TN:
SF:src\Venues\venue.service.ts
FN:6,(anonymous_1)
FN:9,(anonymous_2)
FN:10,(anonymous_3)
FN:13,(anonymous_4)
FN:19,(anonymous_5)
FNF:5
FNH:0
FNDA:0,(anonymous_1)
FNDA:0,(anonymous_2)
FNDA:0,(anonymous_3)
FNDA:0,(anonymous_4)
FNDA:0,(anonymous_5)
DA:1,4
DA:2,4
DA:3,4
DA:6,4
DA:9,4
DA:10,0
DA:13,4
DA:14,0
DA:15,0
DA:19,4
DA:20,0
DA:21,0
LF:12
LH:7
BRDA:15,0,0,0
BRDA:15,0,1,0
BRDA:21,1,0,0
BRDA:21,1,1,0
BRF:4
BRH:0
end_of_record
TN:
SF:src\middleware\auth.middleware.ts
FN:58,(anonymous_1)
FN:82,(anonymous_2)
FN:83,(anonymous_3)
FNF:3
FNH:1
FNDA:18,(anonymous_1)
FNDA:0,(anonymous_2)
FNDA:0,(anonymous_3)
DA:37,4
DA:38,4
DA:40,4
DA:42,4
DA:44,4
DA:45,0
DA:58,4
DA:63,18
DA:65,18
DA:66,1
DA:67,1
DA:70,17
DA:72,17
DA:73,17
DA:74,17
DA:75,17
DA:77,0
DA:82,4
DA:83,0
DA:84,0
DA:85,0
DA:86,0
DA:88,0
LF:23
LH:16
BRDA:44,0,0,0
BRDA:44,0,1,4
BRDA:65,1,0,1
BRDA:65,1,1,17
BRDA:65,2,0,18
BRDA:65,2,1,17
BRDA:84,3,0,0
BRDA:84,3,1,0
BRDA:84,4,0,0
BRDA:84,4,1,0
BRF:10
BRH:5
end_of_record
